  [1m[35m (10.6ms)[0m  [1m[35mSET NAMES utf8mb4,  @@SESSION.sql_mode = CONCAT(CONCAT(@@sql_mode, ',STRICT_ALL_TABLES'), ',NO_AUTO_VALUE_ON_ZERO'),  @@SESSION.sql_auto_is_null = 0, @@SESSION.wait_timeout = 2147483[0m
  ↳ /usr/local/bundle/bin/rake:23
  [1m[35m (134.1ms)[0m  [1m[35mCREATE DATABASE `demo_development` DEFAULT CHARACTER SET `utf8mb4`[0m
  ↳ /usr/local/bundle/bin/rake:23
  [1m[35m (0.3ms)[0m  [1m[35mSET NAMES utf8mb4,  @@SESSION.sql_mode = CONCAT(CONCAT(@@sql_mode, ',STRICT_ALL_TABLES'), ',NO_AUTO_VALUE_ON_ZERO'),  @@SESSION.sql_auto_is_null = 0, @@SESSION.wait_timeout = 2147483[0m
  ↳ /usr/local/bundle/bin/rake:23
  [1m[35m (19.7ms)[0m  [1m[35mCREATE DATABASE `demo_test` DEFAULT CHARACTER SET `utf8mb4`[0m
  ↳ /usr/local/bundle/bin/rake:23
  [1m[35m (0.6ms)[0m  [1m[35mSET NAMES utf8mb4,  @@SESSION.sql_mode = CONCAT(CONCAT(@@sql_mode, ',STRICT_ALL_TABLES'), ',NO_AUTO_VALUE_ON_ZERO'),  @@SESSION.sql_auto_is_null = 0, @@SESSION.wait_timeout = 2147483[0m
  ↳ /usr/local/bundle/bin/rake:23
  [1m[35m (185.7ms)[0m  [1m[35mCREATE TABLE `schema_migrations` (`version` varchar(255) NOT NULL PRIMARY KEY)[0m
  ↳ /usr/local/bundle/bin/rake:23
  [1m[35m (77.3ms)[0m  [1m[35mCREATE TABLE `ar_internal_metadata` (`key` varchar(255) NOT NULL PRIMARY KEY, `value` varchar(255), `created_at` datetime NOT NULL, `updated_at` datetime NOT NULL)[0m
  ↳ /usr/local/bundle/bin/rake:23
  [1m[35m (6.0ms)[0m  [1m[34mSELECT GET_LOCK('4665045258403983075', 0)[0m
  ↳ /usr/local/bundle/bin/rake:23
  [1m[35m (5.7ms)[0m  [1m[34mSELECT `schema_migrations`.`version` FROM `schema_migrations` ORDER BY `schema_migrations`.`version` ASC[0m
  ↳ /usr/local/bundle/bin/rake:23
  [1m[36mActiveRecord::InternalMetadata Load (1.7ms)[0m  [1m[34mSELECT  `ar_internal_metadata`.* FROM `ar_internal_metadata` WHERE `ar_internal_metadata`.`key` = 'environment' LIMIT 1[0m
  ↳ /usr/local/bundle/bin/rake:23
  [1m[35m (0.5ms)[0m  [1m[35mBEGIN[0m
  ↳ /usr/local/bundle/bin/rake:23
  [1m[36mActiveRecord::InternalMetadata Create (1.7ms)[0m  [1m[32mINSERT INTO `ar_internal_metadata` (`key`, `value`, `created_at`, `updated_at`) VALUES ('environment', 'development', '2020-05-03 07:27:40', '2020-05-03 07:27:40')[0m
  ↳ /usr/local/bundle/bin/rake:23
  [1m[35m (11.8ms)[0m  [1m[35mCOMMIT[0m
  ↳ /usr/local/bundle/bin/rake:23
  [1m[35m (1.2ms)[0m  [1m[34mSELECT RELEASE_LOCK('4665045258403983075')[0m
  ↳ /usr/local/bundle/bin/rake:23
  [1m[35m (0.6ms)[0m  [1m[34mSELECT `schema_migrations`.`version` FROM `schema_migrations` ORDER BY `schema_migrations`.`version` ASC[0m
  ↳ /usr/local/bundle/bin/rake:23
  [1m[35m (9.0ms)[0m  [1m[35mSET NAMES utf8mb4,  @@SESSION.sql_mode = CONCAT(CONCAT(@@sql_mode, ',STRICT_ALL_TABLES'), ',NO_AUTO_VALUE_ON_ZERO'),  @@SESSION.sql_auto_is_null = 0, @@SESSION.wait_timeout = 2147483[0m
  ↳ /usr/local/bundle/bin/rake:23
  [1m[35m (19.4ms)[0m  [1m[35mCREATE DATABASE `demo_development` DEFAULT CHARACTER SET `utf8mb4`[0m
  ↳ /usr/local/bundle/bin/rake:23
  [1m[35m (0.2ms)[0m  [1m[35mSET NAMES utf8mb4,  @@SESSION.sql_mode = CONCAT(CONCAT(@@sql_mode, ',STRICT_ALL_TABLES'), ',NO_AUTO_VALUE_ON_ZERO'),  @@SESSION.sql_auto_is_null = 0, @@SESSION.wait_timeout = 2147483[0m
  ↳ /usr/local/bundle/bin/rake:23
  [1m[35m (0.6ms)[0m  [1m[35mCREATE DATABASE `demo_test` DEFAULT CHARACTER SET `utf8mb4`[0m
  ↳ /usr/local/bundle/bin/rake:23
  [1m[35m (0.4ms)[0m  [1m[35mSET NAMES utf8mb4,  @@SESSION.sql_mode = CONCAT(CONCAT(@@sql_mode, ',STRICT_ALL_TABLES'), ',NO_AUTO_VALUE_ON_ZERO'),  @@SESSION.sql_auto_is_null = 0, @@SESSION.wait_timeout = 2147483[0m
  ↳ /usr/local/bundle/bin/rake:23
  [1m[35m (0.6ms)[0m  [1m[34mSELECT GET_LOCK('4665045258403983075', 0)[0m
  ↳ /usr/local/bundle/bin/rake:23
  [1m[35m (31.0ms)[0m  [1m[34mSELECT `schema_migrations`.`version` FROM `schema_migrations` ORDER BY `schema_migrations`.`version` ASC[0m
  ↳ /usr/local/bundle/bin/rake:23
  [1m[36mActiveRecord::InternalMetadata Load (4.4ms)[0m  [1m[34mSELECT  `ar_internal_metadata`.* FROM `ar_internal_metadata` WHERE `ar_internal_metadata`.`key` = 'environment' LIMIT 1[0m
  ↳ /usr/local/bundle/bin/rake:23
  [1m[35m (0.2ms)[0m  [1m[35mBEGIN[0m
  ↳ /usr/local/bundle/bin/rake:23
  [1m[35m (0.2ms)[0m  [1m[35mCOMMIT[0m
  ↳ /usr/local/bundle/bin/rake:23
  [1m[35m (0.3ms)[0m  [1m[34mSELECT RELEASE_LOCK('4665045258403983075')[0m
  ↳ /usr/local/bundle/bin/rake:23
  [1m[35m (0.2ms)[0m  [1m[34mSELECT `schema_migrations`.`version` FROM `schema_migrations` ORDER BY `schema_migrations`.`version` ASC[0m
  ↳ /usr/local/bundle/bin/rake:23
Started GET "/" for 172.19.0.1 at 2020-05-03 08:02:10 +0000
  [1m[35m (0.4ms)[0m  [1m[35mSET NAMES utf8mb4,  @@SESSION.sql_mode = CONCAT(CONCAT(@@sql_mode, ',STRICT_ALL_TABLES'), ',NO_AUTO_VALUE_ON_ZERO'),  @@SESSION.sql_auto_is_null = 0, @@SESSION.wait_timeout = 2147483[0m
  ↳ /usr/local/bundle/gems/activerecord-5.2.2.1/lib/active_record/log_subscriber.rb:98
Processing by Rails::WelcomeController#index as HTML
  Rendering /usr/local/bundle/gems/railties-5.2.2.1/lib/rails/templates/rails/welcome/index.html.erb
  Rendered /usr/local/bundle/gems/railties-5.2.2.1/lib/rails/templates/rails/welcome/index.html.erb (4.2ms)
Completed 200 OK in 28ms (Views: 18.1ms | ActiveRecord: 0.0ms)


  [1m[35m (0.5ms)[0m  [1m[35mSET NAMES utf8mb4,  @@SESSION.sql_mode = CONCAT(CONCAT(@@sql_mode, ',STRICT_ALL_TABLES'), ',NO_AUTO_VALUE_ON_ZERO'),  @@SESSION.sql_auto_is_null = 0, @@SESSION.wait_timeout = 2147483[0m
  ↳ /usr/local/bundle/bin/rake:23
  [1m[35m (0.7ms)[0m  [1m[35mCREATE DATABASE `demo_development` DEFAULT CHARACTER SET `utf8mb4`[0m
  ↳ /usr/local/bundle/bin/rake:23
  [1m[35m (0.2ms)[0m  [1m[35mSET NAMES utf8mb4,  @@SESSION.sql_mode = CONCAT(CONCAT(@@sql_mode, ',STRICT_ALL_TABLES'), ',NO_AUTO_VALUE_ON_ZERO'),  @@SESSION.sql_auto_is_null = 0, @@SESSION.wait_timeout = 2147483[0m
  ↳ /usr/local/bundle/bin/rake:23
  [1m[35m (0.4ms)[0m  [1m[35mCREATE DATABASE `demo_test` DEFAULT CHARACTER SET `utf8mb4`[0m
  ↳ /usr/local/bundle/bin/rake:23
  [1m[35m (0.4ms)[0m  [1m[35mSET NAMES utf8mb4,  @@SESSION.sql_mode = CONCAT(CONCAT(@@sql_mode, ',STRICT_ALL_TABLES'), ',NO_AUTO_VALUE_ON_ZERO'),  @@SESSION.sql_auto_is_null = 0, @@SESSION.wait_timeout = 2147483[0m
  ↳ /usr/local/bundle/bin/rake:23
  [1m[35m (3.8ms)[0m  [1m[34mSELECT GET_LOCK('4665045258403983075', 0)[0m
  ↳ /usr/local/bundle/bin/rake:23
  [1m[35m (6.1ms)[0m  [1m[34mSELECT `schema_migrations`.`version` FROM `schema_migrations` ORDER BY `schema_migrations`.`version` ASC[0m
  ↳ /usr/local/bundle/bin/rake:23
  [1m[36mActiveRecord::InternalMetadata Load (2.5ms)[0m  [1m[34mSELECT  `ar_internal_metadata`.* FROM `ar_internal_metadata` WHERE `ar_internal_metadata`.`key` = 'environment' LIMIT 1[0m
  ↳ /usr/local/bundle/bin/rake:23
  [1m[35m (1.2ms)[0m  [1m[35mBEGIN[0m
  ↳ /usr/local/bundle/bin/rake:23
  [1m[35m (0.4ms)[0m  [1m[35mCOMMIT[0m
  ↳ /usr/local/bundle/bin/rake:23
  [1m[35m (0.5ms)[0m  [1m[34mSELECT RELEASE_LOCK('4665045258403983075')[0m
  ↳ /usr/local/bundle/bin/rake:23
  [1m[35m (0.5ms)[0m  [1m[34mSELECT `schema_migrations`.`version` FROM `schema_migrations` ORDER BY `schema_migrations`.`version` ASC[0m
  ↳ /usr/local/bundle/bin/rake:23
Started GET "/" for 172.19.0.1 at 2020-05-04 02:59:56 +0000
  [1m[35m (0.4ms)[0m  [1m[35mSET NAMES utf8mb4,  @@SESSION.sql_mode = CONCAT(CONCAT(@@sql_mode, ',STRICT_ALL_TABLES'), ',NO_AUTO_VALUE_ON_ZERO'),  @@SESSION.sql_auto_is_null = 0, @@SESSION.wait_timeout = 2147483[0m
  ↳ /usr/local/bundle/gems/activerecord-5.2.2.1/lib/active_record/log_subscriber.rb:98
Processing by Rails::WelcomeController#index as HTML
  Rendering /usr/local/bundle/gems/railties-5.2.2.1/lib/rails/templates/rails/welcome/index.html.erb
  Rendered /usr/local/bundle/gems/railties-5.2.2.1/lib/rails/templates/rails/welcome/index.html.erb (5.6ms)
Completed 200 OK in 42ms (Views: 23.6ms | ActiveRecord: 0.0ms)


Started GET "/" for 172.19.0.1 at 2020-05-04 03:01:05 +0000
  [1m[35m (1.9ms)[0m  [1m[34mSELECT `schema_migrations`.`version` FROM `schema_migrations` ORDER BY `schema_migrations`.`version` ASC[0m
  ↳ /usr/local/bundle/gems/activerecord-5.2.2.1/lib/active_record/log_subscriber.rb:98
  
ActiveRecord::PendingMigrationError (

Migrations are pending. To resolve this issue, run:

        bin/rails db:migrate RAILS_ENV=development

):
  
activerecord (5.2.2.1) lib/active_record/migration.rb:579:in `check_pending!'
activerecord (5.2.2.1) lib/active_record/migration.rb:556:in `call'
actionpack (5.2.2.1) lib/action_dispatch/middleware/callbacks.rb:28:in `block in call'
activesupport (5.2.2.1) lib/active_support/callbacks.rb:98:in `run_callbacks'
actionpack (5.2.2.1) lib/action_dispatch/middleware/callbacks.rb:26:in `call'
actionpack (5.2.2.1) lib/action_dispatch/middleware/executor.rb:14:in `call'
actionpack (5.2.2.1) lib/action_dispatch/middleware/debug_exceptions.rb:61:in `call'
actionpack (5.2.2.1) lib/action_dispatch/middleware/show_exceptions.rb:33:in `call'
railties (5.2.2.1) lib/rails/rack/logger.rb:38:in `call_app'
railties (5.2.2.1) lib/rails/rack/logger.rb:26:in `block in call'
activesupport (5.2.2.1) lib/active_support/tagged_logging.rb:71:in `block in tagged'
activesupport (5.2.2.1) lib/active_support/tagged_logging.rb:28:in `tagged'
activesupport (5.2.2.1) lib/active_support/tagged_logging.rb:71:in `tagged'
railties (5.2.2.1) lib/rails/rack/logger.rb:26:in `call'
sprockets-rails (3.2.1) lib/sprockets/rails/quiet_assets.rb:13:in `call'
actionpack (5.2.2.1) lib/action_dispatch/middleware/remote_ip.rb:81:in `call'
actionpack (5.2.2.1) lib/action_dispatch/middleware/request_id.rb:27:in `call'
rack (2.2.2) lib/rack/method_override.rb:24:in `call'
rack (2.2.2) lib/rack/runtime.rb:22:in `call'
activesupport (5.2.2.1) lib/active_support/cache/strategy/local_cache_middleware.rb:29:in `call'
actionpack (5.2.2.1) lib/action_dispatch/middleware/executor.rb:14:in `call'
actionpack (5.2.2.1) lib/action_dispatch/middleware/static.rb:127:in `call'
rack (2.2.2) lib/rack/sendfile.rb:110:in `call'
railties (5.2.2.1) lib/rails/engine.rb:524:in `call'
puma (3.12.4) lib/puma/configuration.rb:227:in `call'
puma (3.12.4) lib/puma/server.rb:675:in `handle_request'
puma (3.12.4) lib/puma/server.rb:476:in `process_client'
puma (3.12.4) lib/puma/server.rb:334:in `block in run'
puma (3.12.4) lib/puma/thread_pool.rb:135:in `block in spawn_thread'
  [1m[35m (0.9ms)[0m  [1m[35mSET NAMES utf8mb4,  @@SESSION.sql_mode = CONCAT(CONCAT(@@sql_mode, ',STRICT_ALL_TABLES'), ',NO_AUTO_VALUE_ON_ZERO'),  @@SESSION.sql_auto_is_null = 0, @@SESSION.wait_timeout = 2147483[0m
  ↳ /usr/local/bundle/bin/rake:23
  [1m[35m (1.6ms)[0m  [1m[35mCREATE DATABASE `demo_development` DEFAULT CHARACTER SET `utf8mb4`[0m
  ↳ /usr/local/bundle/bin/rake:23
  [1m[35m (0.6ms)[0m  [1m[35mSET NAMES utf8mb4,  @@SESSION.sql_mode = CONCAT(CONCAT(@@sql_mode, ',STRICT_ALL_TABLES'), ',NO_AUTO_VALUE_ON_ZERO'),  @@SESSION.sql_auto_is_null = 0, @@SESSION.wait_timeout = 2147483[0m
  ↳ /usr/local/bundle/bin/rake:23
  [1m[35m (1.1ms)[0m  [1m[35mCREATE DATABASE `demo_test` DEFAULT CHARACTER SET `utf8mb4`[0m
  ↳ /usr/local/bundle/bin/rake:23
  [1m[35m (0.5ms)[0m  [1m[35mSET NAMES utf8mb4,  @@SESSION.sql_mode = CONCAT(CONCAT(@@sql_mode, ',STRICT_ALL_TABLES'), ',NO_AUTO_VALUE_ON_ZERO'),  @@SESSION.sql_auto_is_null = 0, @@SESSION.wait_timeout = 2147483[0m
  ↳ /usr/local/bundle/bin/rake:23
  [1m[35m (0.4ms)[0m  [1m[34mSELECT GET_LOCK('4665045258403983075', 0)[0m
  ↳ /usr/local/bundle/bin/rake:23
  [1m[35m (13.0ms)[0m  [1m[34mSELECT `schema_migrations`.`version` FROM `schema_migrations` ORDER BY `schema_migrations`.`version` ASC[0m
  ↳ /usr/local/bundle/bin/rake:23
Migrating to CreateUsers (20200504030100)
  [1m[35m (157.4ms)[0m  [1m[35mCREATE TABLE `users` (`id` bigint NOT NULL AUTO_INCREMENT PRIMARY KEY, `name` varchar(255), `is_sent_mail` int, `created_at` datetime NOT NULL, `updated_at` datetime NOT NULL)[0m
  ↳ db/migrate/20200504030100_create_users.rb:3
  [1m[35m (0.4ms)[0m  [1m[35mBEGIN[0m
  ↳ /usr/local/bundle/bin/rake:23
  [1m[36mActiveRecord::SchemaMigration Create (0.6ms)[0m  [1m[32mINSERT INTO `schema_migrations` (`version`) VALUES ('20200504030100')[0m
  ↳ /usr/local/bundle/bin/rake:23
  [1m[35m (10.8ms)[0m  [1m[35mCOMMIT[0m
  ↳ /usr/local/bundle/bin/rake:23
  [1m[36mActiveRecord::InternalMetadata Load (2.5ms)[0m  [1m[34mSELECT  `ar_internal_metadata`.* FROM `ar_internal_metadata` WHERE `ar_internal_metadata`.`key` = 'environment' LIMIT 1[0m
  ↳ /usr/local/bundle/bin/rake:23
  [1m[35m (0.5ms)[0m  [1m[35mBEGIN[0m
  ↳ /usr/local/bundle/bin/rake:23
  [1m[35m (0.4ms)[0m  [1m[35mCOMMIT[0m
  ↳ /usr/local/bundle/bin/rake:23
  [1m[35m (0.8ms)[0m  [1m[34mSELECT RELEASE_LOCK('4665045258403983075')[0m
  ↳ /usr/local/bundle/bin/rake:23
  [1m[35m (0.6ms)[0m  [1m[34mSELECT `schema_migrations`.`version` FROM `schema_migrations` ORDER BY `schema_migrations`.`version` ASC[0m
  ↳ /usr/local/bundle/bin/rake:23
Started GET "/" for 172.19.0.1 at 2020-05-04 03:02:19 +0000
  [1m[35m (0.4ms)[0m  [1m[35mSET NAMES utf8mb4,  @@SESSION.sql_mode = CONCAT(CONCAT(@@sql_mode, ',STRICT_ALL_TABLES'), ',NO_AUTO_VALUE_ON_ZERO'),  @@SESSION.sql_auto_is_null = 0, @@SESSION.wait_timeout = 2147483[0m
  ↳ /usr/local/bundle/gems/activerecord-5.2.2.1/lib/active_record/log_subscriber.rb:98
  [1m[35m (1.6ms)[0m  [1m[34mSELECT `schema_migrations`.`version` FROM `schema_migrations` ORDER BY `schema_migrations`.`version` ASC[0m
  ↳ /usr/local/bundle/gems/activerecord-5.2.2.1/lib/active_record/log_subscriber.rb:98
Processing by Rails::WelcomeController#index as HTML
  Rendering /usr/local/bundle/gems/railties-5.2.2.1/lib/rails/templates/rails/welcome/index.html.erb
  Rendered /usr/local/bundle/gems/railties-5.2.2.1/lib/rails/templates/rails/welcome/index.html.erb (16.1ms)
Completed 200 OK in 51ms (Views: 36.5ms | ActiveRecord: 0.0ms)


Started GET "/user" for 172.19.0.1 at 2020-05-04 03:02:22 +0000
  
ActionController::RoutingError (No route matches [GET] "/user"):
  
actionpack (5.2.2.1) lib/action_dispatch/middleware/debug_exceptions.rb:65:in `call'
actionpack (5.2.2.1) lib/action_dispatch/middleware/show_exceptions.rb:33:in `call'
railties (5.2.2.1) lib/rails/rack/logger.rb:38:in `call_app'
railties (5.2.2.1) lib/rails/rack/logger.rb:26:in `block in call'
activesupport (5.2.2.1) lib/active_support/tagged_logging.rb:71:in `block in tagged'
activesupport (5.2.2.1) lib/active_support/tagged_logging.rb:28:in `tagged'
activesupport (5.2.2.1) lib/active_support/tagged_logging.rb:71:in `tagged'
railties (5.2.2.1) lib/rails/rack/logger.rb:26:in `call'
sprockets-rails (3.2.1) lib/sprockets/rails/quiet_assets.rb:13:in `call'
actionpack (5.2.2.1) lib/action_dispatch/middleware/remote_ip.rb:81:in `call'
actionpack (5.2.2.1) lib/action_dispatch/middleware/request_id.rb:27:in `call'
rack (2.2.2) lib/rack/method_override.rb:24:in `call'
rack (2.2.2) lib/rack/runtime.rb:22:in `call'
activesupport (5.2.2.1) lib/active_support/cache/strategy/local_cache_middleware.rb:29:in `call'
actionpack (5.2.2.1) lib/action_dispatch/middleware/executor.rb:14:in `call'
actionpack (5.2.2.1) lib/action_dispatch/middleware/static.rb:127:in `call'
rack (2.2.2) lib/rack/sendfile.rb:110:in `call'
railties (5.2.2.1) lib/rails/engine.rb:524:in `call'
puma (3.12.4) lib/puma/configuration.rb:227:in `call'
puma (3.12.4) lib/puma/server.rb:675:in `handle_request'
puma (3.12.4) lib/puma/server.rb:476:in `process_client'
puma (3.12.4) lib/puma/server.rb:334:in `block in run'
puma (3.12.4) lib/puma/thread_pool.rb:135:in `block in spawn_thread'
Started GET "/users." for 172.19.0.1 at 2020-05-04 03:02:25 +0000
  
ActionController::RoutingError (No route matches [GET] "/users."):
  
actionpack (5.2.2.1) lib/action_dispatch/middleware/debug_exceptions.rb:65:in `call'
actionpack (5.2.2.1) lib/action_dispatch/middleware/show_exceptions.rb:33:in `call'
railties (5.2.2.1) lib/rails/rack/logger.rb:38:in `call_app'
railties (5.2.2.1) lib/rails/rack/logger.rb:26:in `block in call'
activesupport (5.2.2.1) lib/active_support/tagged_logging.rb:71:in `block in tagged'
activesupport (5.2.2.1) lib/active_support/tagged_logging.rb:28:in `tagged'
activesupport (5.2.2.1) lib/active_support/tagged_logging.rb:71:in `tagged'
railties (5.2.2.1) lib/rails/rack/logger.rb:26:in `call'
sprockets-rails (3.2.1) lib/sprockets/rails/quiet_assets.rb:13:in `call'
actionpack (5.2.2.1) lib/action_dispatch/middleware/remote_ip.rb:81:in `call'
actionpack (5.2.2.1) lib/action_dispatch/middleware/request_id.rb:27:in `call'
rack (2.2.2) lib/rack/method_override.rb:24:in `call'
rack (2.2.2) lib/rack/runtime.rb:22:in `call'
activesupport (5.2.2.1) lib/active_support/cache/strategy/local_cache_middleware.rb:29:in `call'
actionpack (5.2.2.1) lib/action_dispatch/middleware/executor.rb:14:in `call'
actionpack (5.2.2.1) lib/action_dispatch/middleware/static.rb:127:in `call'
rack (2.2.2) lib/rack/sendfile.rb:110:in `call'
railties (5.2.2.1) lib/rails/engine.rb:524:in `call'
puma (3.12.4) lib/puma/configuration.rb:227:in `call'
puma (3.12.4) lib/puma/server.rb:675:in `handle_request'
puma (3.12.4) lib/puma/server.rb:476:in `process_client'
puma (3.12.4) lib/puma/server.rb:334:in `block in run'
puma (3.12.4) lib/puma/thread_pool.rb:135:in `block in spawn_thread'
Started GET "/users" for 172.19.0.1 at 2020-05-04 03:02:27 +0000
Processing by UsersController#index as HTML
  Rendering users/index.html.erb within layouts/application
  [1m[36mUser Load (2.7ms)[0m  [1m[34mSELECT `users`.* FROM `users`[0m
  ↳ app/views/users/index.html.erb:15
  Rendered users/index.html.erb within layouts/application (11.1ms)
Completed 200 OK in 147ms (Views: 129.7ms | ActiveRecord: 5.6ms)


Started GET "/users/new" for 172.19.0.1 at 2020-05-04 03:02:30 +0000
Processing by UsersController#new as HTML
  Rendering users/new.html.erb within layouts/application
  Rendered users/_form.html.erb (110.1ms)
  Rendered users/new.html.erb within layouts/application (114.6ms)
Completed 200 OK in 140ms (Views: 120.2ms | ActiveRecord: 10.4ms)


Started POST "/users" for 172.19.0.1 at 2020-05-04 03:02:33 +0000
Processing by UsersController#create as HTML
  Parameters: {"utf8"=>"✓", "authenticity_token"=>"bD66imyDa/E4+PcWL7YxhJCT3x8wKQMTbtWKGlJOzSBs2t0498g6BOLbAZULsqDbEIT90irAx4cAoBzC7Ql51A==", "user"=>{"name"=>"fdsfds", "is_sent_mail"=>"1"}, "commit"=>"Create User"}
  [1m[35m (0.7ms)[0m  [1m[35mBEGIN[0m
  ↳ app/controllers/users_controller.rb:30
  [1m[36mUser Create (0.9ms)[0m  [1m[32mINSERT INTO `users` (`name`, `is_sent_mail`, `created_at`, `updated_at`) VALUES ('fdsfds', 1, '2020-05-04 03:02:33', '2020-05-04 03:02:33')[0m
  ↳ app/controllers/users_controller.rb:30
  [1m[35m (20.4ms)[0m  [1m[35mCOMMIT[0m
  ↳ app/controllers/users_controller.rb:30
Redirected to http://localhost:3000/users/1
Completed 302 Found in 33ms (ActiveRecord: 22.0ms)


Started GET "/users/1" for 172.19.0.1 at 2020-05-04 03:02:33 +0000
Processing by UsersController#show as HTML
  Parameters: {"id"=>"1"}
  [1m[36mUser Load (1.7ms)[0m  [1m[34mSELECT  `users`.* FROM `users` WHERE `users`.`id` = 1 LIMIT 1[0m
  ↳ app/controllers/users_controller.rb:67
  Rendering users/show.html.erb within layouts/application
  Rendered users/show.html.erb within layouts/application (1.4ms)
Completed 200 OK in 36ms (Views: 17.5ms | ActiveRecord: 1.7ms)


Started GET "/users/1/edit" for 172.19.0.1 at 2020-05-04 03:02:35 +0000
Processing by UsersController#edit as HTML
  Parameters: {"id"=>"1"}
  [1m[36mUser Load (0.8ms)[0m  [1m[34mSELECT  `users`.* FROM `users` WHERE `users`.`id` = 1 LIMIT 1[0m
  ↳ app/controllers/users_controller.rb:67
  Rendering users/edit.html.erb within layouts/application
  Rendered users/_form.html.erb (7.2ms)
  Rendered users/edit.html.erb within layouts/application (10.1ms)
Completed 200 OK in 38ms (Views: 30.2ms | ActiveRecord: 0.8ms)


Started GET "/users/1/edit" for 172.19.0.1 at 2020-05-04 03:02:36 +0000
Processing by UsersController#edit as HTML
  Parameters: {"id"=>"1"}
  [1m[36mUser Load (0.9ms)[0m  [1m[34mSELECT  `users`.* FROM `users` WHERE `users`.`id` = 1 LIMIT 1[0m
  ↳ app/controllers/users_controller.rb:67
  Rendering users/edit.html.erb within layouts/application
  Rendered users/_form.html.erb (9.2ms)
  Rendered users/edit.html.erb within layouts/application (13.3ms)
Completed 200 OK in 39ms (Views: 34.0ms | ActiveRecord: 0.9ms)


Started GET "/users/1" for 172.19.0.1 at 2020-05-04 03:02:38 +0000
Processing by UsersController#show as HTML
  Parameters: {"id"=>"1"}
  [1m[36mUser Load (0.8ms)[0m  [1m[34mSELECT  `users`.* FROM `users` WHERE `users`.`id` = 1 LIMIT 1[0m
  ↳ app/controllers/users_controller.rb:67
  Rendering users/show.html.erb within layouts/application
  Rendered users/show.html.erb within layouts/application (2.1ms)
Completed 200 OK in 28ms (Views: 23.0ms | ActiveRecord: 0.8ms)


Started GET "/users" for 172.19.0.1 at 2020-05-04 03:02:39 +0000
Processing by UsersController#index as HTML
  Rendering users/index.html.erb within layouts/application
  [1m[36mUser Load (1.4ms)[0m  [1m[34mSELECT `users`.* FROM `users`[0m
  ↳ app/views/users/index.html.erb:15
  Rendered users/index.html.erb within layouts/application (10.7ms)
Completed 200 OK in 35ms (Views: 31.2ms | ActiveRecord: 1.4ms)


Started GET "/users/new" for 172.19.0.1 at 2020-05-04 03:02:40 +0000
Processing by UsersController#new as HTML
  Rendering users/new.html.erb within layouts/application
  Rendered users/_form.html.erb (8.6ms)
  Rendered users/new.html.erb within layouts/application (10.6ms)
Completed 200 OK in 34ms (Views: 30.8ms | ActiveRecord: 0.0ms)


Started POST "/users" for 172.19.0.1 at 2020-05-04 03:02:44 +0000
Processing by UsersController#create as HTML
  Parameters: {"utf8"=>"✓", "authenticity_token"=>"ppMqiAUTs/Z8G9XKKZQe3ltGl0q8IT+uHt2HlaIpv+6md006nljiA6Y4I0kNkI+B21G1h6bI+zpwqBFNHW4LGg==", "user"=>{"name"=>"tést", "is_sent_mail"=>"1"}, "commit"=>"Create User"}
  [1m[35m (0.6ms)[0m  [1m[35mBEGIN[0m
  ↳ app/controllers/users_controller.rb:30
  [1m[36mUser Create (0.5ms)[0m  [1m[32mINSERT INTO `users` (`name`, `is_sent_mail`, `created_at`, `updated_at`) VALUES ('tést', 1, '2020-05-04 03:02:44', '2020-05-04 03:02:44')[0m
  ↳ app/controllers/users_controller.rb:30
  [1m[35m (42.0ms)[0m  [1m[35mCOMMIT[0m
  ↳ app/controllers/users_controller.rb:30
Redirected to http://localhost:3000/users/2
Completed 302 Found in 69ms (ActiveRecord: 43.1ms)


Started GET "/users/2" for 172.19.0.1 at 2020-05-04 03:02:44 +0000
Processing by UsersController#show as HTML
  Parameters: {"id"=>"2"}
  [1m[36mUser Load (1.1ms)[0m  [1m[34mSELECT  `users`.* FROM `users` WHERE `users`.`id` = 2 LIMIT 1[0m
  ↳ app/controllers/users_controller.rb:67
  Rendering users/show.html.erb within layouts/application
  Rendered users/show.html.erb within layouts/application (2.9ms)
Completed 200 OK in 20ms (Views: 15.0ms | ActiveRecord: 1.1ms)


Started GET "/users" for 172.19.0.1 at 2020-05-04 03:02:47 +0000
Processing by UsersController#index as HTML
  Rendering users/index.html.erb within layouts/application
  [1m[36mUser Load (0.6ms)[0m  [1m[34mSELECT `users`.* FROM `users`[0m
  ↳ app/views/users/index.html.erb:15
  Rendered users/index.html.erb within layouts/application (3.0ms)
Completed 200 OK in 15ms (Views: 13.5ms | ActiveRecord: 0.6ms)


Started GET "/users" for 172.19.0.1 at 2020-05-04 03:02:48 +0000
Processing by UsersController#index as HTML
  Rendering users/index.html.erb within layouts/application
  [1m[36mUser Load (0.9ms)[0m  [1m[34mSELECT `users`.* FROM `users`[0m
  ↳ app/views/users/index.html.erb:15
  Rendered users/index.html.erb within layouts/application (5.0ms)
Completed 200 OK in 25ms (Views: 22.0ms | ActiveRecord: 0.9ms)


  [1m[35m (0.8ms)[0m  [1m[35mSET NAMES utf8mb4,  @@SESSION.sql_mode = CONCAT(CONCAT(@@sql_mode, ',STRICT_ALL_TABLES'), ',NO_AUTO_VALUE_ON_ZERO'),  @@SESSION.sql_auto_is_null = 0, @@SESSION.wait_timeout = 2147483[0m
  ↳ /usr/local/bundle/bin/rake:23
  [1m[35m (1.4ms)[0m  [1m[35mCREATE DATABASE `demo_development` DEFAULT CHARACTER SET `utf8mb4`[0m
  ↳ /usr/local/bundle/bin/rake:23
  [1m[35m (0.5ms)[0m  [1m[35mSET NAMES utf8mb4,  @@SESSION.sql_mode = CONCAT(CONCAT(@@sql_mode, ',STRICT_ALL_TABLES'), ',NO_AUTO_VALUE_ON_ZERO'),  @@SESSION.sql_auto_is_null = 0, @@SESSION.wait_timeout = 2147483[0m
  ↳ /usr/local/bundle/bin/rake:23
  [1m[35m (1.1ms)[0m  [1m[35mCREATE DATABASE `demo_test` DEFAULT CHARACTER SET `utf8mb4`[0m
  ↳ /usr/local/bundle/bin/rake:23
  [1m[35m (0.5ms)[0m  [1m[35mSET NAMES utf8mb4,  @@SESSION.sql_mode = CONCAT(CONCAT(@@sql_mode, ',STRICT_ALL_TABLES'), ',NO_AUTO_VALUE_ON_ZERO'),  @@SESSION.sql_auto_is_null = 0, @@SESSION.wait_timeout = 2147483[0m
  ↳ /usr/local/bundle/bin/rake:23
  [1m[35m (0.4ms)[0m  [1m[34mSELECT GET_LOCK('4665045258403983075', 0)[0m
  ↳ /usr/local/bundle/bin/rake:23
  [1m[35m (14.1ms)[0m  [1m[34mSELECT `schema_migrations`.`version` FROM `schema_migrations` ORDER BY `schema_migrations`.`version` ASC[0m
  ↳ /usr/local/bundle/bin/rake:23
  [1m[36mActiveRecord::InternalMetadata Load (2.2ms)[0m  [1m[34mSELECT  `ar_internal_metadata`.* FROM `ar_internal_metadata` WHERE `ar_internal_metadata`.`key` = 'environment' LIMIT 1[0m
  ↳ /usr/local/bundle/bin/rake:23
  [1m[35m (0.5ms)[0m  [1m[35mBEGIN[0m
  ↳ /usr/local/bundle/bin/rake:23
  [1m[35m (0.4ms)[0m  [1m[35mCOMMIT[0m
  ↳ /usr/local/bundle/bin/rake:23
  [1m[35m (0.5ms)[0m  [1m[34mSELECT RELEASE_LOCK('4665045258403983075')[0m
  ↳ /usr/local/bundle/bin/rake:23
  [1m[35m (0.5ms)[0m  [1m[34mSELECT `schema_migrations`.`version` FROM `schema_migrations` ORDER BY `schema_migrations`.`version` ASC[0m
  ↳ /usr/local/bundle/bin/rake:23
Started GET "/users" for 172.19.0.1 at 2020-05-04 03:03:50 +0000
  [1m[35m (0.4ms)[0m  [1m[35mSET NAMES utf8mb4,  @@SESSION.sql_mode = CONCAT(CONCAT(@@sql_mode, ',STRICT_ALL_TABLES'), ',NO_AUTO_VALUE_ON_ZERO'),  @@SESSION.sql_auto_is_null = 0, @@SESSION.wait_timeout = 2147483[0m
  ↳ /usr/local/bundle/gems/activerecord-5.2.2.1/lib/active_record/log_subscriber.rb:98
  [1m[35m (0.3ms)[0m  [1m[34mSELECT `schema_migrations`.`version` FROM `schema_migrations` ORDER BY `schema_migrations`.`version` ASC[0m
  ↳ /usr/local/bundle/gems/activerecord-5.2.2.1/lib/active_record/log_subscriber.rb:98
Processing by UsersController#index as HTML
  Rendering users/index.html.erb within layouts/application
  [1m[36mUser Load (1.5ms)[0m  [1m[34mSELECT `users`.* FROM `users`[0m
  ↳ app/views/users/index.html.erb:15
  Rendered users/index.html.erb within layouts/application (31.8ms)
Completed 200 OK in 100ms (Views: 72.8ms | ActiveRecord: 14.1ms)


Started GET "/users/1/edit" for 172.19.0.1 at 2020-05-04 03:11:00 +0000
  [1m[35m (0.7ms)[0m  [1m[35mSET NAMES utf8mb4,  @@SESSION.sql_mode = CONCAT(CONCAT(@@sql_mode, ',STRICT_ALL_TABLES'), ',NO_AUTO_VALUE_ON_ZERO'),  @@SESSION.sql_auto_is_null = 0, @@SESSION.wait_timeout = 2147483[0m
  ↳ /usr/local/bundle/gems/activerecord-5.2.2.1/lib/active_record/log_subscriber.rb:98
Processing by UsersController#edit as HTML
  Parameters: {"id"=>"1"}
  [1m[36mUser Load (0.5ms)[0m  [1m[34mSELECT  `users`.* FROM `users` WHERE `users`.`id` = 1 LIMIT 1[0m
  ↳ app/controllers/users_controller.rb:67
  Rendering users/edit.html.erb within layouts/application
  Rendered users/_form.html.erb (348.6ms)
  Rendered users/edit.html.erb within layouts/application (351.6ms)
Completed 200 OK in 412ms (Views: 366.9ms | ActiveRecord: 2.2ms)


  [1m[35m (9.6ms)[0m  [1m[35mSET NAMES utf8mb4,  @@SESSION.sql_mode = CONCAT(CONCAT(@@sql_mode, ',STRICT_ALL_TABLES'), ',NO_AUTO_VALUE_ON_ZERO'),  @@SESSION.sql_auto_is_null = 0, @@SESSION.wait_timeout = 2147483[0m
  ↳ /usr/local/bundle/bin/rake:23
  [1m[35m (49.4ms)[0m  [1m[35mCREATE DATABASE `setup_docker_development` DEFAULT CHARACTER SET `utf8mb4`[0m
  ↳ /usr/local/bundle/bin/rake:23
  [1m[35m (0.6ms)[0m  [1m[35mSET NAMES utf8mb4,  @@SESSION.sql_mode = CONCAT(CONCAT(@@sql_mode, ',STRICT_ALL_TABLES'), ',NO_AUTO_VALUE_ON_ZERO'),  @@SESSION.sql_auto_is_null = 0, @@SESSION.wait_timeout = 2147483[0m
  ↳ /usr/local/bundle/bin/rake:23
  [1m[35m (34.6ms)[0m  [1m[35mCREATE DATABASE `setup_docker_test` DEFAULT CHARACTER SET `utf8mb4`[0m
  ↳ /usr/local/bundle/bin/rake:23
  [1m[35m (0.5ms)[0m  [1m[35mSET NAMES utf8mb4,  @@SESSION.sql_mode = CONCAT(CONCAT(@@sql_mode, ',STRICT_ALL_TABLES'), ',NO_AUTO_VALUE_ON_ZERO'),  @@SESSION.sql_auto_is_null = 0, @@SESSION.wait_timeout = 2147483[0m
  ↳ /usr/local/bundle/bin/rake:23
  [1m[35m (432.4ms)[0m  [1m[35mCREATE TABLE `schema_migrations` (`version` varchar(255) NOT NULL PRIMARY KEY)[0m
  ↳ /usr/local/bundle/bin/rake:23
  [1m[35m (114.4ms)[0m  [1m[35mCREATE TABLE `ar_internal_metadata` (`key` varchar(255) NOT NULL PRIMARY KEY, `value` varchar(255), `created_at` datetime NOT NULL, `updated_at` datetime NOT NULL)[0m
  ↳ /usr/local/bundle/bin/rake:23
  [1m[35m (6.0ms)[0m  [1m[34mSELECT GET_LOCK('7818189076850480685', 0)[0m
  ↳ /usr/local/bundle/bin/rake:23
  [1m[35m (11.7ms)[0m  [1m[34mSELECT `schema_migrations`.`version` FROM `schema_migrations` ORDER BY `schema_migrations`.`version` ASC[0m
  ↳ /usr/local/bundle/bin/rake:23
Migrating to CreateUsers (20200504030100)
  [1m[35m (113.9ms)[0m  [1m[35mCREATE TABLE `users` (`id` bigint NOT NULL AUTO_INCREMENT PRIMARY KEY, `name` varchar(255), `is_sent_mail` int, `created_at` datetime NOT NULL, `updated_at` datetime NOT NULL)[0m
  ↳ db/migrate/20200504030100_create_users.rb:3
  [1m[35m (0.3ms)[0m  [1m[35mBEGIN[0m
  ↳ /usr/local/bundle/bin/rake:23
  [1m[36mActiveRecord::SchemaMigration Create (7.5ms)[0m  [1m[32mINSERT INTO `schema_migrations` (`version`) VALUES ('20200504030100')[0m
  ↳ /usr/local/bundle/bin/rake:23
  [1m[35m (10.9ms)[0m  [1m[35mCOMMIT[0m
  ↳ /usr/local/bundle/bin/rake:23
  [1m[36mActiveRecord::InternalMetadata Load (1.0ms)[0m  [1m[34mSELECT  `ar_internal_metadata`.* FROM `ar_internal_metadata` WHERE `ar_internal_metadata`.`key` = 'environment' LIMIT 1[0m
  ↳ /usr/local/bundle/bin/rake:23
  [1m[35m (2.2ms)[0m  [1m[35mBEGIN[0m
  ↳ /usr/local/bundle/bin/rake:23
  [1m[36mActiveRecord::InternalMetadata Create (6.7ms)[0m  [1m[32mINSERT INTO `ar_internal_metadata` (`key`, `value`, `created_at`, `updated_at`) VALUES ('environment', 'development', '2020-05-04 04:18:50', '2020-05-04 04:18:50')[0m
  ↳ /usr/local/bundle/bin/rake:23
  [1m[35m (18.2ms)[0m  [1m[35mCOMMIT[0m
  ↳ /usr/local/bundle/bin/rake:23
  [1m[35m (0.5ms)[0m  [1m[34mSELECT RELEASE_LOCK('7818189076850480685')[0m
  ↳ /usr/local/bundle/bin/rake:23
  [1m[35m (1.9ms)[0m  [1m[34mSELECT `schema_migrations`.`version` FROM `schema_migrations` ORDER BY `schema_migrations`.`version` ASC[0m
  ↳ /usr/local/bundle/bin/rake:23
Started GET "/" for 172.19.0.1 at 2020-05-04 04:23:18 +0000
  [1m[35m (0.4ms)[0m  [1m[35mSET NAMES utf8mb4,  @@SESSION.sql_mode = CONCAT(CONCAT(@@sql_mode, ',STRICT_ALL_TABLES'), ',NO_AUTO_VALUE_ON_ZERO'),  @@SESSION.sql_auto_is_null = 0, @@SESSION.wait_timeout = 2147483[0m
  ↳ /usr/local/bundle/gems/activerecord-5.2.2.1/lib/active_record/log_subscriber.rb:98
  [1m[35m (0.7ms)[0m  [1m[34mSELECT `schema_migrations`.`version` FROM `schema_migrations` ORDER BY `schema_migrations`.`version` ASC[0m
  ↳ /usr/local/bundle/gems/activerecord-5.2.2.1/lib/active_record/log_subscriber.rb:98
Processing by Rails::WelcomeController#index as HTML
  Rendering /usr/local/bundle/gems/railties-5.2.2.1/lib/rails/templates/rails/welcome/index.html.erb
  Rendered /usr/local/bundle/gems/railties-5.2.2.1/lib/rails/templates/rails/welcome/index.html.erb (10.1ms)
Completed 200 OK in 62ms (Views: 38.0ms | ActiveRecord: 0.0ms)


  [1m[35m (0.6ms)[0m  [1m[35mSET NAMES utf8mb4,  @@SESSION.sql_mode = CONCAT(CONCAT(@@sql_mode, ',STRICT_ALL_TABLES'), ',NO_AUTO_VALUE_ON_ZERO'),  @@SESSION.sql_auto_is_null = 0, @@SESSION.wait_timeout = 2147483[0m
  ↳ /usr/local/bundle/bin/rake:23
  [1m[35m (0.9ms)[0m  [1m[35mCREATE DATABASE `setup_docker_development` DEFAULT CHARACTER SET `utf8mb4`[0m
  ↳ /usr/local/bundle/bin/rake:23
  [1m[35m (0.3ms)[0m  [1m[35mSET NAMES utf8mb4,  @@SESSION.sql_mode = CONCAT(CONCAT(@@sql_mode, ',STRICT_ALL_TABLES'), ',NO_AUTO_VALUE_ON_ZERO'),  @@SESSION.sql_auto_is_null = 0, @@SESSION.wait_timeout = 2147483[0m
  ↳ /usr/local/bundle/bin/rake:23
  [1m[35m (0.7ms)[0m  [1m[35mCREATE DATABASE `setup_docker_test` DEFAULT CHARACTER SET `utf8mb4`[0m
  ↳ /usr/local/bundle/bin/rake:23
  [1m[35m (0.5ms)[0m  [1m[35mSET NAMES utf8mb4,  @@SESSION.sql_mode = CONCAT(CONCAT(@@sql_mode, ',STRICT_ALL_TABLES'), ',NO_AUTO_VALUE_ON_ZERO'),  @@SESSION.sql_auto_is_null = 0, @@SESSION.wait_timeout = 2147483[0m
  ↳ /usr/local/bundle/bin/rake:23
  [1m[35m (0.3ms)[0m  [1m[34mSELECT GET_LOCK('7818189076850480685', 0)[0m
  ↳ /usr/local/bundle/bin/rake:23
  [1m[35m (8.0ms)[0m  [1m[34mSELECT `schema_migrations`.`version` FROM `schema_migrations` ORDER BY `schema_migrations`.`version` ASC[0m
  ↳ /usr/local/bundle/bin/rake:23
  [1m[36mActiveRecord::InternalMetadata Load (1.2ms)[0m  [1m[34mSELECT  `ar_internal_metadata`.* FROM `ar_internal_metadata` WHERE `ar_internal_metadata`.`key` = 'environment' LIMIT 1[0m
  ↳ /usr/local/bundle/bin/rake:23
  [1m[35m (0.3ms)[0m  [1m[35mBEGIN[0m
  ↳ /usr/local/bundle/bin/rake:23
  [1m[35m (0.3ms)[0m  [1m[35mCOMMIT[0m
  ↳ /usr/local/bundle/bin/rake:23
  [1m[35m (0.3ms)[0m  [1m[34mSELECT RELEASE_LOCK('7818189076850480685')[0m
  ↳ /usr/local/bundle/bin/rake:23
  [1m[35m (0.3ms)[0m  [1m[34mSELECT `schema_migrations`.`version` FROM `schema_migrations` ORDER BY `schema_migrations`.`version` ASC[0m
  ↳ /usr/local/bundle/bin/rake:23
  [1m[35m (0.5ms)[0m  [1m[35mSET NAMES utf8mb4,  @@SESSION.sql_mode = CONCAT(CONCAT(@@sql_mode, ',STRICT_ALL_TABLES'), ',NO_AUTO_VALUE_ON_ZERO'),  @@SESSION.sql_auto_is_null = 0, @@SESSION.wait_timeout = 2147483[0m
  ↳ /usr/local/bundle/bin/rake:23
  [1m[35m (0.8ms)[0m  [1m[35mCREATE DATABASE `setup_docker_development` DEFAULT CHARACTER SET `utf8mb4`[0m
  ↳ /usr/local/bundle/bin/rake:23
  [1m[35m (0.2ms)[0m  [1m[35mSET NAMES utf8mb4,  @@SESSION.sql_mode = CONCAT(CONCAT(@@sql_mode, ',STRICT_ALL_TABLES'), ',NO_AUTO_VALUE_ON_ZERO'),  @@SESSION.sql_auto_is_null = 0, @@SESSION.wait_timeout = 2147483[0m
  ↳ /usr/local/bundle/bin/rake:23
  [1m[35m (0.5ms)[0m  [1m[35mCREATE DATABASE `setup_docker_test` DEFAULT CHARACTER SET `utf8mb4`[0m
  ↳ /usr/local/bundle/bin/rake:23
  [1m[35m (0.5ms)[0m  [1m[35mSET NAMES utf8mb4,  @@SESSION.sql_mode = CONCAT(CONCAT(@@sql_mode, ',STRICT_ALL_TABLES'), ',NO_AUTO_VALUE_ON_ZERO'),  @@SESSION.sql_auto_is_null = 0, @@SESSION.wait_timeout = 2147483[0m
  ↳ /usr/local/bundle/bin/rake:23
  [1m[35m (0.3ms)[0m  [1m[34mSELECT GET_LOCK('7818189076850480685', 0)[0m
  ↳ /usr/local/bundle/bin/rake:23
  [1m[35m (7.6ms)[0m  [1m[34mSELECT `schema_migrations`.`version` FROM `schema_migrations` ORDER BY `schema_migrations`.`version` ASC[0m
  ↳ /usr/local/bundle/bin/rake:23
  [1m[36mActiveRecord::InternalMetadata Load (1.1ms)[0m  [1m[34mSELECT  `ar_internal_metadata`.* FROM `ar_internal_metadata` WHERE `ar_internal_metadata`.`key` = 'environment' LIMIT 1[0m
  ↳ /usr/local/bundle/bin/rake:23
  [1m[35m (0.6ms)[0m  [1m[35mBEGIN[0m
  ↳ /usr/local/bundle/bin/rake:23
  [1m[35m (0.8ms)[0m  [1m[35mCOMMIT[0m
  ↳ /usr/local/bundle/bin/rake:23
  [1m[35m (0.8ms)[0m  [1m[34mSELECT RELEASE_LOCK('7818189076850480685')[0m
  ↳ /usr/local/bundle/bin/rake:23
  [1m[35m (0.3ms)[0m  [1m[34mSELECT `schema_migrations`.`version` FROM `schema_migrations` ORDER BY `schema_migrations`.`version` ASC[0m
  ↳ /usr/local/bundle/bin/rake:23
  [1m[35m (0.6ms)[0m  [1m[35mSET NAMES utf8mb4,  @@SESSION.sql_mode = CONCAT(CONCAT(@@sql_mode, ',STRICT_ALL_TABLES'), ',NO_AUTO_VALUE_ON_ZERO'),  @@SESSION.sql_auto_is_null = 0, @@SESSION.wait_timeout = 2147483[0m
  ↳ /usr/local/bundle/bin/rake:23
  [1m[35m (0.7ms)[0m  [1m[35mCREATE DATABASE `setup_docker_development` DEFAULT CHARACTER SET `utf8mb4`[0m
  ↳ /usr/local/bundle/bin/rake:23
  [1m[35m (0.2ms)[0m  [1m[35mSET NAMES utf8mb4,  @@SESSION.sql_mode = CONCAT(CONCAT(@@sql_mode, ',STRICT_ALL_TABLES'), ',NO_AUTO_VALUE_ON_ZERO'),  @@SESSION.sql_auto_is_null = 0, @@SESSION.wait_timeout = 2147483[0m
  ↳ /usr/local/bundle/bin/rake:23
  [1m[35m (0.6ms)[0m  [1m[35mCREATE DATABASE `setup_docker_test` DEFAULT CHARACTER SET `utf8mb4`[0m
  ↳ /usr/local/bundle/bin/rake:23
  [1m[35m (0.5ms)[0m  [1m[35mSET NAMES utf8mb4,  @@SESSION.sql_mode = CONCAT(CONCAT(@@sql_mode, ',STRICT_ALL_TABLES'), ',NO_AUTO_VALUE_ON_ZERO'),  @@SESSION.sql_auto_is_null = 0, @@SESSION.wait_timeout = 2147483[0m
  ↳ /usr/local/bundle/bin/rake:23
  [1m[35m (0.3ms)[0m  [1m[34mSELECT GET_LOCK('7818189076850480685', 0)[0m
  ↳ /usr/local/bundle/bin/rake:23
  [1m[35m (10.4ms)[0m  [1m[34mSELECT `schema_migrations`.`version` FROM `schema_migrations` ORDER BY `schema_migrations`.`version` ASC[0m
  ↳ /usr/local/bundle/bin/rake:23
  [1m[36mActiveRecord::InternalMetadata Load (4.0ms)[0m  [1m[34mSELECT  `ar_internal_metadata`.* FROM `ar_internal_metadata` WHERE `ar_internal_metadata`.`key` = 'environment' LIMIT 1[0m
  ↳ /usr/local/bundle/bin/rake:23
  [1m[35m (0.6ms)[0m  [1m[35mBEGIN[0m
  ↳ /usr/local/bundle/bin/rake:23
  [1m[35m (0.8ms)[0m  [1m[35mCOMMIT[0m
  ↳ /usr/local/bundle/bin/rake:23
  [1m[35m (1.2ms)[0m  [1m[34mSELECT RELEASE_LOCK('7818189076850480685')[0m
  ↳ /usr/local/bundle/bin/rake:23
  [1m[35m (0.4ms)[0m  [1m[34mSELECT `schema_migrations`.`version` FROM `schema_migrations` ORDER BY `schema_migrations`.`version` ASC[0m
  ↳ /usr/local/bundle/bin/rake:23
  [1m[35m (0.7ms)[0m  [1m[35mSET NAMES utf8mb4,  @@SESSION.sql_mode = CONCAT(CONCAT(@@sql_mode, ',STRICT_ALL_TABLES'), ',NO_AUTO_VALUE_ON_ZERO'),  @@SESSION.sql_auto_is_null = 0, @@SESSION.wait_timeout = 2147483[0m
  ↳ /usr/local/bundle/bin/rake:23
  [1m[35m (1.9ms)[0m  [1m[35mCREATE DATABASE `setup_docker_development` DEFAULT CHARACTER SET `utf8mb4`[0m
  ↳ /usr/local/bundle/bin/rake:23
  [1m[35m (0.3ms)[0m  [1m[35mSET NAMES utf8mb4,  @@SESSION.sql_mode = CONCAT(CONCAT(@@sql_mode, ',STRICT_ALL_TABLES'), ',NO_AUTO_VALUE_ON_ZERO'),  @@SESSION.sql_auto_is_null = 0, @@SESSION.wait_timeout = 2147483[0m
  ↳ /usr/local/bundle/bin/rake:23
  [1m[35m (1.4ms)[0m  [1m[35mCREATE DATABASE `setup_docker_test` DEFAULT CHARACTER SET `utf8mb4`[0m
  ↳ /usr/local/bundle/bin/rake:23
  [1m[35m (0.7ms)[0m  [1m[35mSET NAMES utf8mb4,  @@SESSION.sql_mode = CONCAT(CONCAT(@@sql_mode, ',STRICT_ALL_TABLES'), ',NO_AUTO_VALUE_ON_ZERO'),  @@SESSION.sql_auto_is_null = 0, @@SESSION.wait_timeout = 2147483[0m
  ↳ /usr/local/bundle/bin/rake:23
  [1m[35m (0.2ms)[0m  [1m[34mSELECT GET_LOCK('7818189076850480685', 0)[0m
  ↳ /usr/local/bundle/bin/rake:23
  [1m[35m (8.8ms)[0m  [1m[34mSELECT `schema_migrations`.`version` FROM `schema_migrations` ORDER BY `schema_migrations`.`version` ASC[0m
  ↳ /usr/local/bundle/bin/rake:23
  [1m[36mActiveRecord::InternalMetadata Load (1.0ms)[0m  [1m[34mSELECT  `ar_internal_metadata`.* FROM `ar_internal_metadata` WHERE `ar_internal_metadata`.`key` = 'environment' LIMIT 1[0m
  ↳ /usr/local/bundle/bin/rake:23
  [1m[35m (1.1ms)[0m  [1m[35mBEGIN[0m
  ↳ /usr/local/bundle/bin/rake:23
  [1m[35m (0.3ms)[0m  [1m[35mCOMMIT[0m
  ↳ /usr/local/bundle/bin/rake:23
  [1m[35m (0.2ms)[0m  [1m[34mSELECT RELEASE_LOCK('7818189076850480685')[0m
  ↳ /usr/local/bundle/bin/rake:23
  [1m[35m (0.2ms)[0m  [1m[34mSELECT `schema_migrations`.`version` FROM `schema_migrations` ORDER BY `schema_migrations`.`version` ASC[0m
  ↳ /usr/local/bundle/bin/rake:23
Started GET "/users/1/edit" for 172.19.0.1 at 2020-05-04 08:26:22 +0000
  [1m[35m (10.8ms)[0m  [1m[35mSET NAMES utf8mb4,  @@SESSION.sql_mode = CONCAT(CONCAT(@@sql_mode, ',STRICT_ALL_TABLES'), ',NO_AUTO_VALUE_ON_ZERO'),  @@SESSION.sql_auto_is_null = 0, @@SESSION.wait_timeout = 2147483[0m
  ↳ /usr/local/bundle/gems/activerecord-5.2.2.1/lib/active_record/log_subscriber.rb:98
  [1m[35m (2.7ms)[0m  [1m[34mSELECT `schema_migrations`.`version` FROM `schema_migrations` ORDER BY `schema_migrations`.`version` ASC[0m
  ↳ /usr/local/bundle/gems/activerecord-5.2.2.1/lib/active_record/log_subscriber.rb:98
Processing by UsersController#edit as HTML
  Parameters: {"id"=>"1"}
  [1m[36mUser Load (4.2ms)[0m  [1m[34mSELECT  `users`.* FROM `users` WHERE `users`.`id` = 1 LIMIT 1[0m
  ↳ app/controllers/users_controller.rb:67
Completed 404 Not Found in 190ms (ActiveRecord: 81.8ms)


  
ActiveRecord::RecordNotFound (Couldn't find User with 'id'=1):
  
app/controllers/users_controller.rb:67:in `set_user'
Started GET "/users/1/edit" for 172.19.0.1 at 2020-05-04 08:26:54 +0000
Processing by UsersController#edit as HTML
  Parameters: {"id"=>"1"}
  [1m[36mUser Load (0.9ms)[0m  [1m[34mSELECT  `users`.* FROM `users` WHERE `users`.`id` = 1 LIMIT 1[0m
  ↳ app/controllers/users_controller.rb:67
Completed 404 Not Found in 5ms (ActiveRecord: 0.9ms)


  
ActiveRecord::RecordNotFound (Couldn't find User with 'id'=1):
  
app/controllers/users_controller.rb:67:in `set_user'
  [1m[35m (6.1ms)[0m  [1m[35mSET NAMES utf8mb4,  @@SESSION.sql_mode = CONCAT(CONCAT(@@sql_mode, ',STRICT_ALL_TABLES'), ',NO_AUTO_VALUE_ON_ZERO'),  @@SESSION.sql_auto_is_null = 0, @@SESSION.wait_timeout = 2147483[0m
  ↳ /bundle/bin/rake:29
  [1m[35m (1.8ms)[0m  [1m[35mCREATE DATABASE `setup_docker_development` DEFAULT CHARACTER SET `utf8mb4`[0m
  ↳ /bundle/bin/rake:29
  [1m[35m (0.5ms)[0m  [1m[35mSET NAMES utf8mb4,  @@SESSION.sql_mode = CONCAT(CONCAT(@@sql_mode, ',STRICT_ALL_TABLES'), ',NO_AUTO_VALUE_ON_ZERO'),  @@SESSION.sql_auto_is_null = 0, @@SESSION.wait_timeout = 2147483[0m
  ↳ /bundle/bin/rake:29
  [1m[35m (1.1ms)[0m  [1m[35mCREATE DATABASE `setup_docker_test` DEFAULT CHARACTER SET `utf8mb4`[0m
  ↳ /bundle/bin/rake:29
  [1m[35m (0.3ms)[0m  [1m[35mSET NAMES utf8mb4,  @@SESSION.sql_mode = CONCAT(CONCAT(@@sql_mode, ',STRICT_ALL_TABLES'), ',NO_AUTO_VALUE_ON_ZERO'),  @@SESSION.sql_auto_is_null = 0, @@SESSION.wait_timeout = 2147483[0m
  ↳ /bundle/bin/rake:29
  [1m[35m (7.0ms)[0m  [1m[34mSELECT GET_LOCK('7818189076850480685', 0)[0m
  ↳ /bundle/bin/rake:29
  [1m[35m (15.8ms)[0m  [1m[34mSELECT `schema_migrations`.`version` FROM `schema_migrations` ORDER BY `schema_migrations`.`version` ASC[0m
  ↳ /bundle/bin/rake:29
  [1m[36mActiveRecord::InternalMetadata Load (10.5ms)[0m  [1m[34mSELECT  `ar_internal_metadata`.* FROM `ar_internal_metadata` WHERE `ar_internal_metadata`.`key` = 'environment' LIMIT 1[0m
  ↳ /bundle/bin/rake:29
  [1m[35m (0.5ms)[0m  [1m[35mBEGIN[0m
  ↳ /bundle/bin/rake:29
  [1m[35m (0.5ms)[0m  [1m[35mCOMMIT[0m
  ↳ /bundle/bin/rake:29
  [1m[35m (0.5ms)[0m  [1m[34mSELECT RELEASE_LOCK('7818189076850480685')[0m
  ↳ /bundle/bin/rake:29
  [1m[35m (0.6ms)[0m  [1m[34mSELECT `schema_migrations`.`version` FROM `schema_migrations` ORDER BY `schema_migrations`.`version` ASC[0m
  ↳ /bundle/bin/rake:29
  [1m[35m (0.4ms)[0m  [1m[35mSET NAMES utf8mb4,  @@SESSION.sql_mode = CONCAT(CONCAT(@@sql_mode, ',STRICT_ALL_TABLES'), ',NO_AUTO_VALUE_ON_ZERO'),  @@SESSION.sql_auto_is_null = 0, @@SESSION.wait_timeout = 2147483[0m
  ↳ /bundle/bin/rake:29
  [1m[35m (1.6ms)[0m  [1m[35mCREATE DATABASE `setup_docker_development` DEFAULT CHARACTER SET `utf8mb4`[0m
  ↳ /bundle/bin/rake:29
  [1m[35m (0.6ms)[0m  [1m[35mSET NAMES utf8mb4,  @@SESSION.sql_mode = CONCAT(CONCAT(@@sql_mode, ',STRICT_ALL_TABLES'), ',NO_AUTO_VALUE_ON_ZERO'),  @@SESSION.sql_auto_is_null = 0, @@SESSION.wait_timeout = 2147483[0m
  ↳ /bundle/bin/rake:29
  [1m[35m (1.2ms)[0m  [1m[35mCREATE DATABASE `setup_docker_test` DEFAULT CHARACTER SET `utf8mb4`[0m
  ↳ /bundle/bin/rake:29
  [1m[35m (0.3ms)[0m  [1m[35mSET NAMES utf8mb4,  @@SESSION.sql_mode = CONCAT(CONCAT(@@sql_mode, ',STRICT_ALL_TABLES'), ',NO_AUTO_VALUE_ON_ZERO'),  @@SESSION.sql_auto_is_null = 0, @@SESSION.wait_timeout = 2147483[0m
  ↳ /bundle/bin/rake:29
  [1m[35m (0.2ms)[0m  [1m[34mSELECT GET_LOCK('7818189076850480685', 0)[0m
  ↳ /bundle/bin/rake:29
  [1m[35m (16.3ms)[0m  [1m[34mSELECT `schema_migrations`.`version` FROM `schema_migrations` ORDER BY `schema_migrations`.`version` ASC[0m
  ↳ /bundle/bin/rake:29
  [1m[36mActiveRecord::InternalMetadata Load (2.3ms)[0m  [1m[34mSELECT  `ar_internal_metadata`.* FROM `ar_internal_metadata` WHERE `ar_internal_metadata`.`key` = 'environment' LIMIT 1[0m
  ↳ /bundle/bin/rake:29
  [1m[35m (0.4ms)[0m  [1m[35mBEGIN[0m
  ↳ /bundle/bin/rake:29
  [1m[35m (0.4ms)[0m  [1m[35mCOMMIT[0m
  ↳ /bundle/bin/rake:29
  [1m[35m (0.4ms)[0m  [1m[34mSELECT RELEASE_LOCK('7818189076850480685')[0m
  ↳ /bundle/bin/rake:29
  [1m[35m (0.4ms)[0m  [1m[34mSELECT `schema_migrations`.`version` FROM `schema_migrations` ORDER BY `schema_migrations`.`version` ASC[0m
  ↳ /bundle/bin/rake:29
  [1m[35m (0.5ms)[0m  [1m[35mSET NAMES utf8mb4,  @@SESSION.sql_mode = CONCAT(CONCAT(@@sql_mode, ',STRICT_ALL_TABLES'), ',NO_AUTO_VALUE_ON_ZERO'),  @@SESSION.sql_auto_is_null = 0, @@SESSION.wait_timeout = 2147483[0m
  ↳ /bundle/bin/rake:29
  [1m[35m (1.0ms)[0m  [1m[35mCREATE DATABASE `setup_docker_development` DEFAULT CHARACTER SET `utf8mb4`[0m
  ↳ /bundle/bin/rake:29
  [1m[35m (0.8ms)[0m  [1m[35mSET NAMES utf8mb4,  @@SESSION.sql_mode = CONCAT(CONCAT(@@sql_mode, ',STRICT_ALL_TABLES'), ',NO_AUTO_VALUE_ON_ZERO'),  @@SESSION.sql_auto_is_null = 0, @@SESSION.wait_timeout = 2147483[0m
  ↳ /bundle/bin/rake:29
  [1m[35m (1.1ms)[0m  [1m[35mCREATE DATABASE `setup_docker_test` DEFAULT CHARACTER SET `utf8mb4`[0m
  ↳ /bundle/bin/rake:29
  [1m[35m (0.3ms)[0m  [1m[35mSET NAMES utf8mb4,  @@SESSION.sql_mode = CONCAT(CONCAT(@@sql_mode, ',STRICT_ALL_TABLES'), ',NO_AUTO_VALUE_ON_ZERO'),  @@SESSION.sql_auto_is_null = 0, @@SESSION.wait_timeout = 2147483[0m
  ↳ /bundle/bin/rake:29
  [1m[35m (0.6ms)[0m  [1m[34mSELECT GET_LOCK('7818189076850480685', 0)[0m
  ↳ /bundle/bin/rake:29
  [1m[35m (18.0ms)[0m  [1m[34mSELECT `schema_migrations`.`version` FROM `schema_migrations` ORDER BY `schema_migrations`.`version` ASC[0m
  ↳ /bundle/bin/rake:29
  [1m[36mActiveRecord::InternalMetadata Load (1.6ms)[0m  [1m[34mSELECT  `ar_internal_metadata`.* FROM `ar_internal_metadata` WHERE `ar_internal_metadata`.`key` = 'environment' LIMIT 1[0m
  ↳ /bundle/bin/rake:29
  [1m[35m (0.3ms)[0m  [1m[35mBEGIN[0m
  ↳ /bundle/bin/rake:29
  [1m[35m (0.2ms)[0m  [1m[35mCOMMIT[0m
  ↳ /bundle/bin/rake:29
  [1m[35m (0.3ms)[0m  [1m[34mSELECT RELEASE_LOCK('7818189076850480685')[0m
  ↳ /bundle/bin/rake:29
  [1m[35m (0.2ms)[0m  [1m[34mSELECT `schema_migrations`.`version` FROM `schema_migrations` ORDER BY `schema_migrations`.`version` ASC[0m
  ↳ /bundle/bin/rake:29
  [1m[35m (7.1ms)[0m  [1m[35mSET NAMES utf8mb4,  @@SESSION.sql_mode = CONCAT(CONCAT(@@sql_mode, ',STRICT_ALL_TABLES'), ',NO_AUTO_VALUE_ON_ZERO'),  @@SESSION.sql_auto_is_null = 0, @@SESSION.wait_timeout = 2147483[0m
  ↳ /bundle/bin/rake:29
  [1m[35m (12.9ms)[0m  [1m[35mCREATE DATABASE `setup_docker_development` DEFAULT CHARACTER SET `utf8mb4`[0m
  ↳ /bundle/bin/rake:29
  [1m[35m (0.6ms)[0m  [1m[35mSET NAMES utf8mb4,  @@SESSION.sql_mode = CONCAT(CONCAT(@@sql_mode, ',STRICT_ALL_TABLES'), ',NO_AUTO_VALUE_ON_ZERO'),  @@SESSION.sql_auto_is_null = 0, @@SESSION.wait_timeout = 2147483[0m
  ↳ /bundle/bin/rake:29
  [1m[35m (1.3ms)[0m  [1m[35mCREATE DATABASE `setup_docker_test` DEFAULT CHARACTER SET `utf8mb4`[0m
  ↳ /bundle/bin/rake:29
  [1m[35m (1.0ms)[0m  [1m[35mSET NAMES utf8mb4,  @@SESSION.sql_mode = CONCAT(CONCAT(@@sql_mode, ',STRICT_ALL_TABLES'), ',NO_AUTO_VALUE_ON_ZERO'),  @@SESSION.sql_auto_is_null = 0, @@SESSION.wait_timeout = 2147483[0m
  ↳ /bundle/bin/rake:29
  [1m[35m (0.4ms)[0m  [1m[34mSELECT GET_LOCK('7818189076850480685', 0)[0m
  ↳ /bundle/bin/rake:29
  [1m[35m (17.7ms)[0m  [1m[34mSELECT `schema_migrations`.`version` FROM `schema_migrations` ORDER BY `schema_migrations`.`version` ASC[0m
  ↳ /bundle/bin/rake:29
  [1m[36mActiveRecord::InternalMetadata Load (7.2ms)[0m  [1m[34mSELECT  `ar_internal_metadata`.* FROM `ar_internal_metadata` WHERE `ar_internal_metadata`.`key` = 'environment' LIMIT 1[0m
  ↳ /bundle/bin/rake:29
  [1m[35m (0.5ms)[0m  [1m[35mBEGIN[0m
  ↳ /bundle/bin/rake:29
  [1m[35m (0.5ms)[0m  [1m[35mCOMMIT[0m
  ↳ /bundle/bin/rake:29
  [1m[35m (0.4ms)[0m  [1m[34mSELECT RELEASE_LOCK('7818189076850480685')[0m
  ↳ /bundle/bin/rake:29
  [1m[35m (0.4ms)[0m  [1m[34mSELECT `schema_migrations`.`version` FROM `schema_migrations` ORDER BY `schema_migrations`.`version` ASC[0m
  ↳ /bundle/bin/rake:29
  [1m[35m (0.4ms)[0m  [1m[35mSET NAMES utf8mb4,  @@SESSION.sql_mode = CONCAT(CONCAT(@@sql_mode, ',STRICT_ALL_TABLES'), ',NO_AUTO_VALUE_ON_ZERO'),  @@SESSION.sql_auto_is_null = 0, @@SESSION.wait_timeout = 2147483[0m
  ↳ /bundle/bin/rake:29
  [1m[35m (0.7ms)[0m  [1m[35mCREATE DATABASE `setup_docker_development` DEFAULT CHARACTER SET `utf8mb4`[0m
  ↳ /bundle/bin/rake:29
  [1m[35m (0.3ms)[0m  [1m[35mSET NAMES utf8mb4,  @@SESSION.sql_mode = CONCAT(CONCAT(@@sql_mode, ',STRICT_ALL_TABLES'), ',NO_AUTO_VALUE_ON_ZERO'),  @@SESSION.sql_auto_is_null = 0, @@SESSION.wait_timeout = 2147483[0m
  ↳ /bundle/bin/rake:29
  [1m[35m (0.5ms)[0m  [1m[35mCREATE DATABASE `setup_docker_test` DEFAULT CHARACTER SET `utf8mb4`[0m
  ↳ /bundle/bin/rake:29
  [1m[35m (0.3ms)[0m  [1m[35mSET NAMES utf8mb4,  @@SESSION.sql_mode = CONCAT(CONCAT(@@sql_mode, ',STRICT_ALL_TABLES'), ',NO_AUTO_VALUE_ON_ZERO'),  @@SESSION.sql_auto_is_null = 0, @@SESSION.wait_timeout = 2147483[0m
  ↳ /bundle/bin/rake:29
  [1m[35m (0.2ms)[0m  [1m[34mSELECT GET_LOCK('7818189076850480685', 0)[0m
  ↳ /bundle/bin/rake:29
  [1m[35m (6.1ms)[0m  [1m[34mSELECT `schema_migrations`.`version` FROM `schema_migrations` ORDER BY `schema_migrations`.`version` ASC[0m
  ↳ /bundle/bin/rake:29
  [1m[36mActiveRecord::InternalMetadata Load (1.7ms)[0m  [1m[34mSELECT  `ar_internal_metadata`.* FROM `ar_internal_metadata` WHERE `ar_internal_metadata`.`key` = 'environment' LIMIT 1[0m
  ↳ /bundle/bin/rake:29
  [1m[35m (0.2ms)[0m  [1m[35mBEGIN[0m
  ↳ /bundle/bin/rake:29
  [1m[35m (0.8ms)[0m  [1m[35mCOMMIT[0m
  ↳ /bundle/bin/rake:29
  [1m[35m (1.0ms)[0m  [1m[34mSELECT RELEASE_LOCK('7818189076850480685')[0m
  ↳ /bundle/bin/rake:29
  [1m[35m (0.7ms)[0m  [1m[34mSELECT `schema_migrations`.`version` FROM `schema_migrations` ORDER BY `schema_migrations`.`version` ASC[0m
  ↳ /bundle/bin/rake:29
  [1m[35m (0.4ms)[0m  [1m[35mSET NAMES utf8mb4,  @@SESSION.sql_mode = CONCAT(CONCAT(@@sql_mode, ',STRICT_ALL_TABLES'), ',NO_AUTO_VALUE_ON_ZERO'),  @@SESSION.sql_auto_is_null = 0, @@SESSION.wait_timeout = 2147483[0m
  ↳ /bundle/bin/rake:29
  [1m[35m (0.6ms)[0m  [1m[35mCREATE DATABASE `setup_docker_development` DEFAULT CHARACTER SET `utf8mb4`[0m
  ↳ /bundle/bin/rake:29
  [1m[35m (0.2ms)[0m  [1m[35mSET NAMES utf8mb4,  @@SESSION.sql_mode = CONCAT(CONCAT(@@sql_mode, ',STRICT_ALL_TABLES'), ',NO_AUTO_VALUE_ON_ZERO'),  @@SESSION.sql_auto_is_null = 0, @@SESSION.wait_timeout = 2147483[0m
  ↳ /bundle/bin/rake:29
  [1m[35m (0.5ms)[0m  [1m[35mCREATE DATABASE `setup_docker_test` DEFAULT CHARACTER SET `utf8mb4`[0m
  ↳ /bundle/bin/rake:29
  [1m[35m (0.3ms)[0m  [1m[35mSET NAMES utf8mb4,  @@SESSION.sql_mode = CONCAT(CONCAT(@@sql_mode, ',STRICT_ALL_TABLES'), ',NO_AUTO_VALUE_ON_ZERO'),  @@SESSION.sql_auto_is_null = 0, @@SESSION.wait_timeout = 2147483[0m
  ↳ /bundle/bin/rake:29
  [1m[35m (0.2ms)[0m  [1m[34mSELECT GET_LOCK('7818189076850480685', 0)[0m
  ↳ /bundle/bin/rake:29
  [1m[35m (5.6ms)[0m  [1m[34mSELECT `schema_migrations`.`version` FROM `schema_migrations` ORDER BY `schema_migrations`.`version` ASC[0m
  ↳ /bundle/bin/rake:29
  [1m[36mActiveRecord::InternalMetadata Load (1.1ms)[0m  [1m[34mSELECT  `ar_internal_metadata`.* FROM `ar_internal_metadata` WHERE `ar_internal_metadata`.`key` = 'environment' LIMIT 1[0m
  ↳ /bundle/bin/rake:29
  [1m[35m (0.3ms)[0m  [1m[35mBEGIN[0m
  ↳ /bundle/bin/rake:29
  [1m[35m (0.2ms)[0m  [1m[35mCOMMIT[0m
  ↳ /bundle/bin/rake:29
  [1m[35m (0.2ms)[0m  [1m[34mSELECT RELEASE_LOCK('7818189076850480685')[0m
  ↳ /bundle/bin/rake:29
  [1m[35m (0.3ms)[0m  [1m[34mSELECT `schema_migrations`.`version` FROM `schema_migrations` ORDER BY `schema_migrations`.`version` ASC[0m
  ↳ /bundle/bin/rake:29
  [1m[35m (0.3ms)[0m  [1m[35mSET NAMES utf8mb4,  @@SESSION.sql_mode = CONCAT(CONCAT(@@sql_mode, ',STRICT_ALL_TABLES'), ',NO_AUTO_VALUE_ON_ZERO'),  @@SESSION.sql_auto_is_null = 0, @@SESSION.wait_timeout = 2147483[0m
  ↳ /bundle/bin/rake:29
  [1m[35m (0.7ms)[0m  [1m[35mCREATE DATABASE `setup_docker_development` DEFAULT CHARACTER SET `utf8mb4`[0m
  ↳ /bundle/bin/rake:29
  [1m[35m (0.2ms)[0m  [1m[35mSET NAMES utf8mb4,  @@SESSION.sql_mode = CONCAT(CONCAT(@@sql_mode, ',STRICT_ALL_TABLES'), ',NO_AUTO_VALUE_ON_ZERO'),  @@SESSION.sql_auto_is_null = 0, @@SESSION.wait_timeout = 2147483[0m
  ↳ /bundle/bin/rake:29
  [1m[35m (0.5ms)[0m  [1m[35mCREATE DATABASE `setup_docker_test` DEFAULT CHARACTER SET `utf8mb4`[0m
  ↳ /bundle/bin/rake:29
  [1m[35m (0.4ms)[0m  [1m[35mSET NAMES utf8mb4,  @@SESSION.sql_mode = CONCAT(CONCAT(@@sql_mode, ',STRICT_ALL_TABLES'), ',NO_AUTO_VALUE_ON_ZERO'),  @@SESSION.sql_auto_is_null = 0, @@SESSION.wait_timeout = 2147483[0m
  ↳ /bundle/bin/rake:29
  [1m[35m (0.4ms)[0m  [1m[34mSELECT GET_LOCK('7818189076850480685', 0)[0m
  ↳ /bundle/bin/rake:29
  [1m[35m (24.7ms)[0m  [1m[34mSELECT `schema_migrations`.`version` FROM `schema_migrations` ORDER BY `schema_migrations`.`version` ASC[0m
  ↳ /bundle/bin/rake:29
  [1m[36mActiveRecord::InternalMetadata Load (2.0ms)[0m  [1m[34mSELECT  `ar_internal_metadata`.* FROM `ar_internal_metadata` WHERE `ar_internal_metadata`.`key` = 'environment' LIMIT 1[0m
  ↳ /bundle/bin/rake:29
  [1m[35m (0.4ms)[0m  [1m[35mBEGIN[0m
  ↳ /bundle/bin/rake:29
  [1m[35m (0.4ms)[0m  [1m[35mCOMMIT[0m
  ↳ /bundle/bin/rake:29
  [1m[35m (0.5ms)[0m  [1m[34mSELECT RELEASE_LOCK('7818189076850480685')[0m
  ↳ /bundle/bin/rake:29
  [1m[35m (0.6ms)[0m  [1m[34mSELECT `schema_migrations`.`version` FROM `schema_migrations` ORDER BY `schema_migrations`.`version` ASC[0m
  ↳ /bundle/bin/rake:29
  [1m[35m (0.4ms)[0m  [1m[35mSET NAMES utf8mb4,  @@SESSION.sql_mode = CONCAT(CONCAT(@@sql_mode, ',STRICT_ALL_TABLES'), ',NO_AUTO_VALUE_ON_ZERO'),  @@SESSION.sql_auto_is_null = 0, @@SESSION.wait_timeout = 2147483[0m
  ↳ /bundle/bin/rake:29
  [1m[35m (0.8ms)[0m  [1m[35mCREATE DATABASE `setup_docker_development` DEFAULT CHARACTER SET `utf8mb4`[0m
  ↳ /bundle/bin/rake:29
  [1m[35m (0.2ms)[0m  [1m[35mSET NAMES utf8mb4,  @@SESSION.sql_mode = CONCAT(CONCAT(@@sql_mode, ',STRICT_ALL_TABLES'), ',NO_AUTO_VALUE_ON_ZERO'),  @@SESSION.sql_auto_is_null = 0, @@SESSION.wait_timeout = 2147483[0m
  ↳ /bundle/bin/rake:29
  [1m[35m (0.5ms)[0m  [1m[35mCREATE DATABASE `setup_docker_test` DEFAULT CHARACTER SET `utf8mb4`[0m
  ↳ /bundle/bin/rake:29
  [1m[35m (0.4ms)[0m  [1m[35mSET NAMES utf8mb4,  @@SESSION.sql_mode = CONCAT(CONCAT(@@sql_mode, ',STRICT_ALL_TABLES'), ',NO_AUTO_VALUE_ON_ZERO'),  @@SESSION.sql_auto_is_null = 0, @@SESSION.wait_timeout = 2147483[0m
  ↳ /bundle/bin/rake:29
  [1m[35m (0.5ms)[0m  [1m[34mSELECT GET_LOCK('7818189076850480685', 0)[0m
  ↳ /bundle/bin/rake:29
  [1m[35m (26.4ms)[0m  [1m[34mSELECT `schema_migrations`.`version` FROM `schema_migrations` ORDER BY `schema_migrations`.`version` ASC[0m
  ↳ /bundle/bin/rake:29
  [1m[36mActiveRecord::InternalMetadata Load (7.5ms)[0m  [1m[34mSELECT  `ar_internal_metadata`.* FROM `ar_internal_metadata` WHERE `ar_internal_metadata`.`key` = 'environment' LIMIT 1[0m
  ↳ /bundle/bin/rake:29
  [1m[35m (0.5ms)[0m  [1m[35mBEGIN[0m
  ↳ /bundle/bin/rake:29
  [1m[35m (0.5ms)[0m  [1m[35mCOMMIT[0m
  ↳ /bundle/bin/rake:29
  [1m[35m (0.6ms)[0m  [1m[34mSELECT RELEASE_LOCK('7818189076850480685')[0m
  ↳ /bundle/bin/rake:29
  [1m[35m (0.6ms)[0m  [1m[34mSELECT `schema_migrations`.`version` FROM `schema_migrations` ORDER BY `schema_migrations`.`version` ASC[0m
  ↳ /bundle/bin/rake:29
  [1m[35m (0.4ms)[0m  [1m[35mSET NAMES utf8mb4,  @@SESSION.sql_mode = CONCAT(CONCAT(@@sql_mode, ',STRICT_ALL_TABLES'), ',NO_AUTO_VALUE_ON_ZERO'),  @@SESSION.sql_auto_is_null = 0, @@SESSION.wait_timeout = 2147483[0m
  ↳ /bundle/bin/rake:29
  [1m[35m (0.7ms)[0m  [1m[35mCREATE DATABASE `setup_docker_development` DEFAULT CHARACTER SET `utf8mb4`[0m
  ↳ /bundle/bin/rake:29
  [1m[35m (0.2ms)[0m  [1m[35mSET NAMES utf8mb4,  @@SESSION.sql_mode = CONCAT(CONCAT(@@sql_mode, ',STRICT_ALL_TABLES'), ',NO_AUTO_VALUE_ON_ZERO'),  @@SESSION.sql_auto_is_null = 0, @@SESSION.wait_timeout = 2147483[0m
  ↳ /bundle/bin/rake:29
  [1m[35m (0.4ms)[0m  [1m[35mCREATE DATABASE `setup_docker_test` DEFAULT CHARACTER SET `utf8mb4`[0m
  ↳ /bundle/bin/rake:29
  [1m[35m (0.3ms)[0m  [1m[35mSET NAMES utf8mb4,  @@SESSION.sql_mode = CONCAT(CONCAT(@@sql_mode, ',STRICT_ALL_TABLES'), ',NO_AUTO_VALUE_ON_ZERO'),  @@SESSION.sql_auto_is_null = 0, @@SESSION.wait_timeout = 2147483[0m
  ↳ /bundle/bin/rake:29
  [1m[35m (0.2ms)[0m  [1m[34mSELECT GET_LOCK('7818189076850480685', 0)[0m
  ↳ /bundle/bin/rake:29
  [1m[35m (5.1ms)[0m  [1m[34mSELECT `schema_migrations`.`version` FROM `schema_migrations` ORDER BY `schema_migrations`.`version` ASC[0m
  ↳ /bundle/bin/rake:29
  [1m[36mActiveRecord::InternalMetadata Load (1.1ms)[0m  [1m[34mSELECT  `ar_internal_metadata`.* FROM `ar_internal_metadata` WHERE `ar_internal_metadata`.`key` = 'environment' LIMIT 1[0m
  ↳ /bundle/bin/rake:29
  [1m[35m (0.3ms)[0m  [1m[35mBEGIN[0m
  ↳ /bundle/bin/rake:29
  [1m[35m (0.3ms)[0m  [1m[35mCOMMIT[0m
  ↳ /bundle/bin/rake:29
  [1m[35m (0.3ms)[0m  [1m[34mSELECT RELEASE_LOCK('7818189076850480685')[0m
  ↳ /bundle/bin/rake:29
  [1m[35m (0.2ms)[0m  [1m[34mSELECT `schema_migrations`.`version` FROM `schema_migrations` ORDER BY `schema_migrations`.`version` ASC[0m
  ↳ /bundle/bin/rake:29
  [1m[35m (0.6ms)[0m  [1m[35mSET NAMES utf8mb4,  @@SESSION.sql_mode = CONCAT(CONCAT(@@sql_mode, ',STRICT_ALL_TABLES'), ',NO_AUTO_VALUE_ON_ZERO'),  @@SESSION.sql_auto_is_null = 0, @@SESSION.wait_timeout = 2147483[0m
  ↳ /bundle/bin/rake:29
  [1m[35m (1.1ms)[0m  [1m[35mCREATE DATABASE `setup_docker_development` DEFAULT CHARACTER SET `utf8mb4`[0m
  ↳ /bundle/bin/rake:29
  [1m[35m (0.4ms)[0m  [1m[35mSET NAMES utf8mb4,  @@SESSION.sql_mode = CONCAT(CONCAT(@@sql_mode, ',STRICT_ALL_TABLES'), ',NO_AUTO_VALUE_ON_ZERO'),  @@SESSION.sql_auto_is_null = 0, @@SESSION.wait_timeout = 2147483[0m
  ↳ /bundle/bin/rake:29
  [1m[35m (0.9ms)[0m  [1m[35mCREATE DATABASE `setup_docker_test` DEFAULT CHARACTER SET `utf8mb4`[0m
  ↳ /bundle/bin/rake:29
  [1m[35m (0.3ms)[0m  [1m[35mSET NAMES utf8mb4,  @@SESSION.sql_mode = CONCAT(CONCAT(@@sql_mode, ',STRICT_ALL_TABLES'), ',NO_AUTO_VALUE_ON_ZERO'),  @@SESSION.sql_auto_is_null = 0, @@SESSION.wait_timeout = 2147483[0m
  ↳ /bundle/bin/rake:29
  [1m[35m (0.3ms)[0m  [1m[34mSELECT GET_LOCK('7818189076850480685', 0)[0m
  ↳ /bundle/bin/rake:29
  [1m[35m (5.2ms)[0m  [1m[34mSELECT `schema_migrations`.`version` FROM `schema_migrations` ORDER BY `schema_migrations`.`version` ASC[0m
  ↳ /bundle/bin/rake:29
  [1m[36mActiveRecord::InternalMetadata Load (1.0ms)[0m  [1m[34mSELECT  `ar_internal_metadata`.* FROM `ar_internal_metadata` WHERE `ar_internal_metadata`.`key` = 'environment' LIMIT 1[0m
  ↳ /bundle/bin/rake:29
  [1m[35m (0.3ms)[0m  [1m[35mBEGIN[0m
  ↳ /bundle/bin/rake:29
  [1m[35m (0.4ms)[0m  [1m[35mCOMMIT[0m
  ↳ /bundle/bin/rake:29
  [1m[35m (0.6ms)[0m  [1m[34mSELECT RELEASE_LOCK('7818189076850480685')[0m
  ↳ /bundle/bin/rake:29
  [1m[35m (1.0ms)[0m  [1m[34mSELECT `schema_migrations`.`version` FROM `schema_migrations` ORDER BY `schema_migrations`.`version` ASC[0m
  ↳ /bundle/bin/rake:29
Started GET "/" for 172.19.0.1 at 2020-05-05 10:52:18 +0000
  [1m[35m (0.3ms)[0m  [1m[35mSET NAMES utf8mb4,  @@SESSION.sql_mode = CONCAT(CONCAT(@@sql_mode, ',STRICT_ALL_TABLES'), ',NO_AUTO_VALUE_ON_ZERO'),  @@SESSION.sql_auto_is_null = 0, @@SESSION.wait_timeout = 2147483[0m
  ↳ /bundle/gems/activerecord-5.2.2.1/lib/active_record/log_subscriber.rb:98
  [1m[35m (0.4ms)[0m  [1m[34mSELECT `schema_migrations`.`version` FROM `schema_migrations` ORDER BY `schema_migrations`.`version` ASC[0m
  ↳ /bundle/gems/activerecord-5.2.2.1/lib/active_record/log_subscriber.rb:98
Processing by Rails::WelcomeController#index as HTML
  Rendering /bundle/gems/railties-5.2.2.1/lib/rails/templates/rails/welcome/index.html.erb
  Rendered /bundle/gems/railties-5.2.2.1/lib/rails/templates/rails/welcome/index.html.erb (15.0ms)
Completed 200 OK in 66ms (Views: 40.4ms | ActiveRecord: 0.0ms)


Started GET "/users" for 172.19.0.1 at 2020-05-05 10:52:22 +0000
Processing by UsersController#index as HTML
Completed 500 Internal Server Error in 18ms (ActiveRecord: 3.9ms)


  
NoMethodError (undefined method `id' for #<Class:0x00007f9b5c7e1cc0>):
  
app/models/user.rb:2:in `<class:User>'
app/models/user.rb:1:in `<top (required)>'
app/controllers/users_controller.rb:7:in `index'
Started GET "/users" for 172.19.0.1 at 2020-05-05 10:53:35 +0000
Processing by UsersController#index as HTML
  Rendering users/index.html.erb within layouts/application
  [1m[36mUser Load (1.2ms)[0m  [1m[34mSELECT `users`.* FROM `users`[0m
  ↳ app/views/users/index.html.erb:15
  Rendered users/index.html.erb within layouts/application (6.5ms)
Completed 200 OK in 151ms (Views: 143.9ms | ActiveRecord: 3.0ms)


Started GET "/users/new" for 172.19.0.1 at 2020-05-05 10:53:37 +0000
Processing by UsersController#new as HTML
  Rendering users/new.html.erb within layouts/application
  Rendered users/_form.html.erb (223.8ms)
  Rendered users/new.html.erb within layouts/application (229.3ms)
Completed 200 OK in 270ms (Views: 242.6ms | ActiveRecord: 17.5ms)


Started POST "/users" for 172.19.0.1 at 2020-05-05 10:53:42 +0000
Processing by UsersController#create as HTML
  Parameters: {"utf8"=>"✓", "authenticity_token"=>"6nul40j0aKZYokiZc2IyQuwyOjzGqLFDvbmdozuqGhFjXoNSfqQNlzw4VmGUYLZbSBwAAxE36eK9QXpjnDja1A==", "user"=>{"name"=>"fdsfds", "is_sent_mail"=>"0"}, "commit"=>"Create User"}
  [1m[35m (0.2ms)[0m  [1m[35mBEGIN[0m
  ↳ app/controllers/users_controller.rb:30
  [1m[36mUser Create (0.5ms)[0m  [1m[32mINSERT INTO `users` (`name`, `is_sent_mail`, `created_at`, `updated_at`) VALUES ('fdsfds', 0, '2020-05-05 10:53:42', '2020-05-05 10:53:42')[0m
  ↳ app/controllers/users_controller.rb:30
  [1m[35m (111.8ms)[0m  [1m[35mCOMMIT[0m
  ↳ app/controllers/users_controller.rb:30
Redirected to http://localhost:3000/users/1
Completed 302 Found in 119ms (ActiveRecord: 112.4ms)


Started GET "/users/1" for 172.19.0.1 at 2020-05-05 10:53:42 +0000
Processing by UsersController#show as HTML
  Parameters: {"id"=>"1"}
  [1m[36mUser Load (1.0ms)[0m  [1m[34mSELECT  `users`.* FROM `users` WHERE `users`.`id` = 1 LIMIT 1[0m
  ↳ app/controllers/users_controller.rb:67
  Rendering users/show.html.erb within layouts/application
  Rendered users/show.html.erb within layouts/application (1.9ms)
Completed 200 OK in 45ms (Views: 28.1ms | ActiveRecord: 1.0ms)


Started GET "/users" for 172.19.0.1 at 2020-05-05 10:53:47 +0000
Processing by UsersController#index as HTML
  Rendering users/index.html.erb within layouts/application
  [1m[36mUser Load (0.8ms)[0m  [1m[34mSELECT `users`.* FROM `users`[0m
  ↳ app/views/users/index.html.erb:15
  Rendered users/index.html.erb within layouts/application (4.2ms)
Completed 200 OK in 17ms (Views: 14.1ms | ActiveRecord: 0.8ms)


Started GET "/users/1/edit" for 172.19.0.1 at 2020-05-05 10:53:49 +0000
Processing by UsersController#edit as HTML
  Parameters: {"id"=>"1"}
  [1m[36mUser Load (0.8ms)[0m  [1m[34mSELECT  `users`.* FROM `users` WHERE `users`.`id` = 1 LIMIT 1[0m
  ↳ app/controllers/users_controller.rb:67
  Rendering users/edit.html.erb within layouts/application
  Rendered users/_form.html.erb (4.1ms)
  Rendered users/edit.html.erb within layouts/application (6.5ms)
Completed 200 OK in 27ms (Views: 18.5ms | ActiveRecord: 0.8ms)


Started PATCH "/users/1" for 172.19.0.1 at 2020-05-05 10:53:52 +0000
Processing by UsersController#update as HTML
  Parameters: {"utf8"=>"✓", "authenticity_token"=>"eQHpWZ73WNDH47gPk0wHyYMoEZNKFO2jrWVz42jvVl0qgyEMTX0ilKN3uZkpwwQLxhALsz+yZkoq+PwW5v6H9A==", "user"=>{"name"=>"abc", "is_sent_mail"=>"0"}, "commit"=>"Update User", "id"=>"1"}
  [1m[36mUser Load (0.4ms)[0m  [1m[34mSELECT  `users`.* FROM `users` WHERE `users`.`id` = 1 LIMIT 1[0m
  ↳ app/controllers/users_controller.rb:67
  [1m[35m (0.2ms)[0m  [1m[35mBEGIN[0m
  ↳ app/controllers/users_controller.rb:44
  [1m[36mUser Update (1.4ms)[0m  [1m[33mUPDATE `users` SET `name` = 'abc', `updated_at` = '2020-05-05 10:53:52' WHERE `users`.`id` = 1[0m
  ↳ app/controllers/users_controller.rb:44
  [1m[35m (32.3ms)[0m  [1m[35mCOMMIT[0m
  ↳ app/controllers/users_controller.rb:44
Redirected to http://localhost:3000/users/1
Completed 302 Found in 43ms (ActiveRecord: 34.2ms)


Started GET "/users/1" for 172.19.0.1 at 2020-05-05 10:53:52 +0000
Processing by UsersController#show as HTML
  Parameters: {"id"=>"1"}
  [1m[36mUser Load (0.7ms)[0m  [1m[34mSELECT  `users`.* FROM `users` WHERE `users`.`id` = 1 LIMIT 1[0m
  ↳ app/controllers/users_controller.rb:67
  Rendering users/show.html.erb within layouts/application
  Rendered users/show.html.erb within layouts/application (1.0ms)
Completed 200 OK in 26ms (Views: 22.7ms | ActiveRecord: 0.7ms)


Started GET "/users/1" for 172.19.0.1 at 2020-05-05 10:54:18 +0000
Processing by UsersController#show as HTML
  Parameters: {"id"=>"1"}
  [1m[36mUser Load (0.5ms)[0m  [1m[34mSELECT  `users`.* FROM `users` WHERE `users`.`id` = 1 LIMIT 1[0m
  ↳ app/controllers/users_controller.rb:67
  Rendering users/show.html.erb within layouts/application
  Rendered users/show.html.erb within layouts/application (1.1ms)
Completed 200 OK in 31ms (Views: 11.5ms | ActiveRecord: 11.5ms)


Started GET "/users/1" for 172.19.0.1 at 2020-05-05 10:54:18 +0000
Processing by UsersController#show as HTML
  Parameters: {"id"=>"1"}
  [1m[36mUser Load (1.7ms)[0m  [1m[34mSELECT  `users`.* FROM `users` WHERE `users`.`id` = 1 LIMIT 1[0m
  ↳ app/controllers/users_controller.rb:67
  Rendering users/show.html.erb within layouts/application
  Rendered users/show.html.erb within layouts/application (1.5ms)
Completed 200 OK in 31ms (Views: 24.8ms | ActiveRecord: 1.7ms)


Started GET "/users/1" for 172.19.0.1 at 2020-05-05 10:54:19 +0000
Processing by UsersController#show as HTML
  Parameters: {"id"=>"1"}
  [1m[36mUser Load (2.0ms)[0m  [1m[34mSELECT  `users`.* FROM `users` WHERE `users`.`id` = 1 LIMIT 1[0m
  ↳ app/controllers/users_controller.rb:67
  Rendering users/show.html.erb within layouts/application
  Rendered users/show.html.erb within layouts/application (1.6ms)
Completed 200 OK in 26ms (Views: 19.4ms | ActiveRecord: 2.0ms)


Started GET "/users/1/edit" for 172.19.0.1 at 2020-05-05 10:54:21 +0000
Processing by UsersController#edit as HTML
  Parameters: {"id"=>"1"}
  [1m[36mUser Load (0.5ms)[0m  [1m[34mSELECT  `users`.* FROM `users` WHERE `users`.`id` = 1 LIMIT 1[0m
  ↳ app/controllers/users_controller.rb:67
  Rendering users/edit.html.erb within layouts/application
  Rendered users/_form.html.erb (2.6ms)
  Rendered users/edit.html.erb within layouts/application (3.9ms)
Completed 200 OK in 21ms (Views: 18.0ms | ActiveRecord: 0.5ms)


Started PATCH "/users/1" for 172.19.0.1 at 2020-05-05 10:54:22 +0000
Processing by UsersController#update as HTML
  Parameters: {"utf8"=>"✓", "authenticity_token"=>"r8LKOnMoNHcBKB0OoJP+KWkf/gjIWECLheWExKs7khT8QAJvoKJOM2W8HJgaHP3rLCfkKL3+y2ICeAsxJSpDvQ==", "user"=>{"name"=>"abc", "is_sent_mail"=>"0"}, "commit"=>"Update User", "id"=>"1"}
  [1m[36mUser Load (0.8ms)[0m  [1m[34mSELECT  `users`.* FROM `users` WHERE `users`.`id` = 1 LIMIT 1[0m
  ↳ app/controllers/users_controller.rb:67
  [1m[35m (0.5ms)[0m  [1m[35mBEGIN[0m
  ↳ app/controllers/users_controller.rb:44
  [1m[35m (5.1ms)[0m  [1m[35mCOMMIT[0m
  ↳ app/controllers/users_controller.rb:44
Redirected to http://localhost:3000/users/1
Completed 302 Found in 20ms (ActiveRecord: 6.5ms)


Started GET "/users/1" for 172.19.0.1 at 2020-05-05 10:54:22 +0000
Processing by UsersController#show as HTML
  Parameters: {"id"=>"1"}
  [1m[36mUser Load (1.4ms)[0m  [1m[34mSELECT  `users`.* FROM `users` WHERE `users`.`id` = 1 LIMIT 1[0m
  ↳ app/controllers/users_controller.rb:67
  Rendering users/show.html.erb within layouts/application
  Rendered users/show.html.erb within layouts/application (4.0ms)
Completed 200 OK in 25ms (Views: 18.4ms | ActiveRecord: 1.4ms)


  [1m[35m (0.3ms)[0m  [1m[35mSET NAMES utf8mb4,  @@SESSION.sql_mode = CONCAT(CONCAT(@@sql_mode, ',STRICT_ALL_TABLES'), ',NO_AUTO_VALUE_ON_ZERO'),  @@SESSION.sql_auto_is_null = 0, @@SESSION.wait_timeout = 2147483[0m
  ↳ app/workers/user_worker.rb:4
  [1m[36mUser Load (0.5ms)[0m  [1m[34mSELECT  `users`.* FROM `users` WHERE `users`.`id` = 1 LIMIT 1[0m
  ↳ app/workers/user_worker.rb:4
  [1m[35m (0.4ms)[0m  [1m[35mBEGIN[0m
  ↳ app/workers/user_worker.rb:5
  [1m[36mUser Update (0.4ms)[0m  [1m[33mUPDATE `users` SET `is_sent_mail` = 1, `updated_at` = '2020-05-05 10:54:24' WHERE `users`.`id` = 1[0m
  ↳ app/workers/user_worker.rb:5
  [1m[35m (14.8ms)[0m  [1m[35mCOMMIT[0m
  ↳ app/workers/user_worker.rb:5
  [1m[36mUser Load (1.0ms)[0m  [1m[34mSELECT  `users`.* FROM `users` WHERE `users`.`id` = 1 LIMIT 1[0m
  ↳ app/workers/user_worker.rb:4
  [1m[35m (0.4ms)[0m  [1m[35mBEGIN[0m
  ↳ app/workers/user_worker.rb:5
  [1m[35m (0.5ms)[0m  [1m[35mCOMMIT[0m
  ↳ app/workers/user_worker.rb:5
Started GET "/users" for 172.19.0.1 at 2020-05-05 10:54:29 +0000
Processing by UsersController#index as HTML
  Rendering users/index.html.erb within layouts/application
  [1m[36mUser Load (0.6ms)[0m  [1m[34mSELECT `users`.* FROM `users`[0m
  ↳ app/views/users/index.html.erb:15
  Rendered users/index.html.erb within layouts/application (3.8ms)
Completed 200 OK in 27ms (Views: 24.0ms | ActiveRecord: 0.6ms)


Started GET "/users" for 172.19.0.1 at 2020-05-05 10:54:30 +0000
Processing by UsersController#index as HTML
  Rendering users/index.html.erb within layouts/application
  [1m[36mUser Load (2.1ms)[0m  [1m[34mSELECT `users`.* FROM `users`[0m
  ↳ app/views/users/index.html.erb:15
  Rendered users/index.html.erb within layouts/application (6.6ms)
Completed 200 OK in 29ms (Views: 24.1ms | ActiveRecord: 2.1ms)


  [1m[36mUser Load (2.3ms)[0m  [1m[34mSELECT  `users`.* FROM `users` WHERE `users`.`id` = 1 LIMIT 1[0m
  ↳ app/workers/user_worker.rb:4
  [1m[35m (0.5ms)[0m  [1m[35mBEGIN[0m
  ↳ app/workers/user_worker.rb:5
  [1m[35m (0.5ms)[0m  [1m[35mCOMMIT[0m
  ↳ app/workers/user_worker.rb:5
  [1m[36mUser Load (0.8ms)[0m  [1m[34mSELECT  `users`.* FROM `users` WHERE `users`.`id` = 1 LIMIT 1[0m
  ↳ app/workers/user_worker.rb:4
  [1m[35m (0.5ms)[0m  [1m[35mBEGIN[0m
  ↳ app/workers/user_worker.rb:5
  [1m[35m (0.5ms)[0m  [1m[35mCOMMIT[0m
  ↳ app/workers/user_worker.rb:5
  [1m[36mUser Load (0.9ms)[0m  [1m[34mSELECT  `users`.* FROM `users` WHERE `users`.`id` = 1 LIMIT 1[0m
  ↳ app/workers/user_worker.rb:4
  [1m[35m (0.5ms)[0m  [1m[35mBEGIN[0m
  ↳ app/workers/user_worker.rb:5
  [1m[35m (0.5ms)[0m  [1m[35mCOMMIT[0m
  ↳ app/workers/user_worker.rb:5
  [1m[36mUser Load (0.7ms)[0m  [1m[34mSELECT  `users`.* FROM `users` WHERE `users`.`id` = 1 LIMIT 1[0m
  ↳ app/workers/user_worker.rb:4
  [1m[35m (0.3ms)[0m  [1m[35mBEGIN[0m
  ↳ app/workers/user_worker.rb:5
  [1m[35m (0.3ms)[0m  [1m[35mCOMMIT[0m
  ↳ app/workers/user_worker.rb:5
